[2023-03-01 21:19:41] FATAL fatal in connect to user service: grpc: no transport security set (use grpc.WithTransportCredentials(insecure.NewCredentials()) explicitly or set credentials)
[2023-03-01 21:21:06]  INFO server started
[2023-03-01 21:21:06] FATAL fatal in running server: listen tcp :80: bind: permission denied
[2023-03-01 21:21:43]  INFO server started
[2023-03-01 21:23:00] DEBUG user signup handler
[2023-03-01 21:23:00] ERROR error in sending request to user service: rpc error: code = Unknown desc = username length incorrect
[2023-03-01 21:27:42] FATAL fatal in running server: http: Server closed
[2023-03-01 21:27:43]  INFO server started
[2023-03-01 21:27:45] DEBUG user signup handler
[2023-03-01 21:27:45] ERROR error in sending request to user service: rpc error: code = Unknown desc = username length incorrect
[2023-03-01 21:27:46] DEBUG user signup handler
[2023-03-01 21:27:46] ERROR error in sending request to user service: rpc error: code = Unknown desc = username length incorrect
[2023-03-01 21:35:40] FATAL fatal in running server: http: Server closed
[2023-03-01 21:35:41]  INFO server started
[2023-03-01 21:35:43] DEBUG user signup handler
[2023-03-01 21:35:43] ERROR error in sending request to user service: rpc error: code = Unknown desc = username length incorrect
[2023-03-01 21:35:44] DEBUG user signup handler
[2023-03-01 21:35:44] ERROR error in sending request to user service: rpc error: code = Unknown desc = username length incorrect
[2023-03-01 22:19:03] FATAL fatal in running server: http: Server closed
[2023-03-01 22:23:52]  INFO server started
[2023-03-01 22:23:54] DEBUG user signup handler
[2023-03-01 22:23:54] ERROR error in sending request to user service: rpc error: code = Unknown desc = username length should be from 8 to 20
[2023-03-01 22:23:55] DEBUG user signup handler
[2023-03-01 22:23:55] ERROR error in sending request to user service: rpc error: code = Unknown desc = username length should be from 8 to 20
[2023-03-01 22:25:27] FATAL fatal in running server: http: Server closed
[2023-03-01 22:25:28]  INFO server started
[2023-03-01 22:25:29] DEBUG user signup handler
[2023-03-01 22:25:29] ERROR error in sending request to user service: rpc error: code = Unknown desc = username length should be from 8 to 20
[2023-03-01 22:25:30] DEBUG user signup handler
[2023-03-01 22:25:30] ERROR error in sending request to user service: rpc error: code = Unknown desc = username length should be from 8 to 20
[2023-03-01 22:25:41] FATAL fatal in running server: http: Server closed
[2023-03-01 22:25:42]  INFO server started
[2023-03-01 22:25:43] DEBUG user signup handler
[2023-03-01 22:25:43] ERROR error in sending request to user service: rpc error: code = Unknown desc = username length should be from 8 to 20
[2023-03-01 22:25:52] FATAL fatal in running server: http: Server closed
[2023-03-01 22:25:53]  INFO server started
[2023-03-01 22:25:54] DEBUG user signup handler
[2023-03-01 22:25:54] ERROR error in sending request to user service: rpc error: code = Unknown desc = username length should be from 8 to 20
[2023-03-01 22:25:56] DEBUG user signup handler
[2023-03-01 22:25:56] ERROR error in sending request to user service: rpc error: code = Unknown desc = username length should be from 8 to 20
[2023-03-01 22:32:29] FATAL fatal in running server: http: Server closed
[2023-03-01 22:32:30]  INFO server started
[2023-03-01 22:32:32] DEBUG user signup handler
[2023-03-01 22:32:32] ERROR error in sending request to user service: rpc error: code = Unknown desc = username length should be from 8 to 20
[2023-03-01 22:32:33] DEBUG user signup handler
[2023-03-01 22:32:33] ERROR error in sending request to user service: rpc error: code = Unknown desc = username length should be from 8 to 20
[2023-03-01 22:32:33] DEBUG user signup handler
[2023-03-01 22:32:33] ERROR error in sending request to user service: rpc error: code = Unknown desc = username length should be from 8 to 20
[2023-03-01 22:34:26] DEBUG user signup handler
[2023-03-01 22:34:26] ERROR error in sending request to user service: rpc error: code = Unknown desc = username length incorrect
[2023-03-01 22:34:27] DEBUG user signup handler
[2023-03-01 22:34:27] ERROR error in sending request to user service: rpc error: code = Unknown desc = username length incorrect
[2023-03-01 22:34:35] DEBUG user signup handler
[2023-03-01 22:34:35] ERROR error in sending request to user service: rpc error: code = Unknown desc = username length incorrect
[2023-03-01 22:34:36] DEBUG user signup handler
[2023-03-01 22:34:36] ERROR error in sending request to user service: rpc error: code = Unknown desc = username length incorrect
[2023-03-01 22:34:36] DEBUG user signup handler
[2023-03-01 22:34:36] ERROR error in sending request to user service: rpc error: code = Unknown desc = username length incorrect
[2023-03-01 22:35:21] DEBUG user signup handler
[2023-03-01 22:35:21] ERROR error in sending request to user service: rpc error: code = Unknown desc = username length incorrect
[2023-03-01 22:35:22] DEBUG user signup handler
[2023-03-01 22:35:22] ERROR error in sending request to user service: rpc error: code = Unknown desc = username length incorrect
[2023-03-01 22:38:12] FATAL fatal in running server: http: Server closed
[2023-03-02 12:42:43]  INFO server started
[2023-03-02 12:43:13] DEBUG user signup handler
[2023-03-02 12:43:13] ERROR error in unmarshaling: unexpected end of JSON input
[2023-03-02 12:43:36] DEBUG user signup handler
[2023-03-02 12:43:36] ERROR error in sending request to user service: rpc error: code = Unknown desc = password length incorrect
[2023-03-02 12:45:21] FATAL fatal in running server: http: Server closed
[2023-03-02 12:45:22]  INFO server started
[2023-03-02 12:45:30] DEBUG user signup handler
[2023-03-02 12:45:30] ERROR error in sending request to user service: rpc error: code = Unknown desc = password length incorrect
[2023-03-02 12:45:36] DEBUG user signup handler
[2023-03-02 12:45:36] ERROR error in sending request to user service: rpc error: code = Unknown desc = password length incorrect
[2023-03-02 12:45:37] DEBUG user signup handler
[2023-03-02 12:45:37] ERROR error in sending request to user service: rpc error: code = Unknown desc = password length incorrect
[2023-03-02 12:45:38] DEBUG user signup handler
[2023-03-02 12:45:38] ERROR error in sending request to user service: rpc error: code = Unknown desc = password length incorrect
[2023-03-02 12:45:38] DEBUG user signup handler
[2023-03-02 12:45:38] ERROR error in sending request to user service: rpc error: code = Unknown desc = password length incorrect
[2023-03-02 12:45:42] FATAL fatal in running server: http: Server closed
[2023-03-02 12:45:43]  INFO server started
[2023-03-02 12:45:45] DEBUG user signup handler
[2023-03-02 12:45:45] ERROR error in sending request to user service: rpc error: code = Unknown desc = password length incorrect
[2023-03-02 12:45:48] DEBUG user signup handler
[2023-03-02 12:45:48] ERROR error in sending request to user service: rpc error: code = Unknown desc = password length incorrect
[2023-03-02 12:45:49] DEBUG user signup handler
[2023-03-02 12:45:49] ERROR error in sending request to user service: rpc error: code = Unknown desc = password length incorrect
[2023-03-02 12:45:49] DEBUG user signup handler
[2023-03-02 12:45:49] ERROR error in sending request to user service: rpc error: code = Unknown desc = password length incorrect
[2023-03-02 12:45:50] DEBUG user signup handler
[2023-03-02 12:45:50] ERROR error in sending request to user service: rpc error: code = Unknown desc = password length incorrect
[2023-03-02 12:48:12] FATAL fatal in running server: http: Server closed
[2023-03-02 12:48:13]  INFO server started
[2023-03-02 12:48:15] DEBUG user signup handler
[2023-03-02 12:48:15] ERROR error in sending request to user service: rpc error: code = Unknown desc = password length incorrect
[2023-03-02 12:48:32] FATAL fatal in running server: http: Server closed
[2023-03-02 12:48:33]  INFO server started
[2023-03-02 12:48:35] DEBUG user signup handler
[2023-03-02 12:48:35] ERROR error in sending request to user service: rpc error: code = Unknown desc = password length incorrect
[2023-03-02 12:49:22] FATAL fatal in running server: http: Server closed
[2023-03-02 12:49:23]  INFO server started
[2023-03-02 12:49:26] DEBUG user signup handler
[2023-03-02 12:49:26] ERROR error in sending request to user service: rpc error: code = Unknown desc = password length incorrect
[2023-03-02 12:49:28] DEBUG user signup handler
[2023-03-02 12:49:28] ERROR error in sending request to user service: rpc error: code = Unknown desc = password length incorrect
[2023-03-02 12:49:30] FATAL fatal in running server: http: Server closed
[2023-03-02 12:49:31]  INFO server started
[2023-03-02 12:49:33] DEBUG user signup handler
[2023-03-02 12:49:33] ERROR error in sending request to user service: rpc error: code = Unknown desc = password length incorrect
[2023-03-02 12:49:35] DEBUG user signup handler
[2023-03-02 12:49:35] ERROR error in sending request to user service: rpc error: code = Unknown desc = password length incorrect
[2023-03-02 12:51:47] FATAL fatal in running server: http: Server closed
[2023-03-02 12:51:47]  INFO server started
[2023-03-02 12:51:53] DEBUG user signup handler
[2023-03-02 12:51:53] ERROR error in sending request to user service: rpc error: code = InvalidArgument desc = 123
[2023-03-02 12:51:53] DEBUG user signup handler
[2023-03-02 12:51:53] ERROR error in sending request to user service: rpc error: code = InvalidArgument desc = 123
[2023-03-02 12:51:54] DEBUG user signup handler
[2023-03-02 12:51:54] ERROR error in sending request to user service: rpc error: code = InvalidArgument desc = 123
[2023-03-02 13:00:37] FATAL fatal in running server: http: Server closed
[2023-03-02 13:01:46]  INFO server started
[2023-03-02 13:01:46] FATAL fatal in running server: http: Server closed
[2023-03-02 13:12:27]  INFO server started
[2023-03-02 13:12:29] DEBUG user signup handler
[2023-03-02 13:12:29] ERROR error from user service: rpc error: code = Unavailable desc = connection error: desc = "transport: Error while dialing: dial tcp :8000: connect: connection refused"
[2023-03-02 13:12:29] ERROR error in sending request to user service: rpc error: code = Unavailable desc = connection error: desc = "transport: Error while dialing: dial tcp :8000: connect: connection refused"
[2023-03-02 13:12:44] DEBUG user signup handler
[2023-03-02 13:12:44] ERROR error from user service: rpc error: code = InvalidArgument desc = 123
[2023-03-02 13:12:44] ERROR error in sending request to user service: rpc error: code = InvalidArgument desc = 123
[2023-03-02 13:12:45] DEBUG user signup handler
[2023-03-02 13:12:45] ERROR error from user service: rpc error: code = InvalidArgument desc = 123
[2023-03-02 13:12:45] ERROR error in sending request to user service: rpc error: code = InvalidArgument desc = 123
[2023-03-02 13:13:16] DEBUG user signup handler
[2023-03-02 13:13:16] ERROR error from user service: rpc error: code = InvalidArgument desc = 123
[2023-03-02 13:13:16] ERROR error in sending request to user service: rpc error: code = InvalidArgument desc = 123
[2023-03-02 13:13:16] DEBUG user signup handler
[2023-03-02 13:13:16] ERROR error from user service: rpc error: code = InvalidArgument desc = 123
[2023-03-02 13:13:16] ERROR error in sending request to user service: rpc error: code = InvalidArgument desc = 123
[2023-03-02 13:15:43] DEBUG user signup handler
[2023-03-02 13:15:43] ERROR error from user service: rpc error: code = InvalidArgument desc = 123
[2023-03-02 13:15:43] ERROR error in sending request to user service: rpc error: code = InvalidArgument desc = 123
[2023-03-02 13:15:43] DEBUG user signup handler
[2023-03-02 13:15:43] ERROR error from user service: rpc error: code = InvalidArgument desc = 123
[2023-03-02 13:15:43] ERROR error in sending request to user service: rpc error: code = InvalidArgument desc = 123
[2023-03-02 13:15:45] DEBUG user signup handler
[2023-03-02 13:15:45] ERROR error from user service: rpc error: code = InvalidArgument desc = 123
[2023-03-02 13:15:45] ERROR error in sending request to user service: rpc error: code = InvalidArgument desc = 123
[2023-03-02 13:15:46] DEBUG user signup handler
[2023-03-02 13:15:46] ERROR error from user service: rpc error: code = InvalidArgument desc = 123
[2023-03-02 13:15:46] ERROR error in sending request to user service: rpc error: code = InvalidArgument desc = 123
[2023-03-02 13:15:48] DEBUG user signup handler
[2023-03-02 13:15:48] ERROR error from user service: rpc error: code = Unknown desc = username length incorrect
[2023-03-02 13:15:48] ERROR error in sending request to user service: rpc error: code = Unknown desc = username length incorrect
[2023-03-02 13:16:34] FATAL fatal in running server: http: Server closed
[2023-03-02 13:17:08]  INFO server started
[2023-03-02 13:17:09] DEBUG user signup handler
[2023-03-02 13:17:09] ERROR error from user service: rpc error: code = Unknown desc = username length incorrect
[2023-03-02 13:17:09] ERROR error in sending request to user service: rpc error: code = Unknown desc = username length incorrect
[2023-03-02 13:18:14] FATAL fatal in running server: http: Server closed
[2023-03-02 13:18:15]  INFO server started
[2023-03-02 13:18:16] DEBUG user signup handler
[2023-03-02 13:18:16] ERROR error from user service: rpc error: code = Unknown desc = username length incorrect
[2023-03-02 13:18:16] ERROR error in sending request to user service: rpc error: code = Unknown desc = username length incorrect
[2023-03-02 13:18:25] FATAL fatal in running server: http: Server closed
[2023-03-02 13:22:22]  INFO server started
[2023-03-02 13:22:28] DEBUG user signup handler
[2023-03-02 13:22:28] ERROR error from user service: rpc error: code = Unknown desc = username length incorrect
[2023-03-02 13:22:28] ERROR error in sending request to user service: rpc error: code = Unknown desc = username length incorrect
[2023-03-02 13:22:31] DEBUG user signup handler
[2023-03-02 13:22:31] ERROR error from user service: rpc error: code = InvalidArgument desc = password length should be from 8 to 20
[2023-03-02 13:22:31] ERROR error in sending request to user service: rpc error: code = InvalidArgument desc = password length should be from 8 to 20
[2023-03-02 13:25:22] FATAL fatal in running server: http: Server closed
[2023-03-02 13:25:41]  INFO server started
[2023-03-02 13:25:43] DEBUG user signup handler
[2023-03-02 13:25:43] ERROR error from user service: rpc error: code = InvalidArgument desc = password length should be from 8 to 20
[2023-03-02 13:25:43] ERROR error in sending request to user service: rpc error: code = InvalidArgument desc = password length should be from 8 to 20
[2023-03-02 13:26:00] FATAL fatal in running server: http: Server closed
[2023-03-02 13:29:13]  INFO server started
[2023-03-02 13:29:21] DEBUG user signup handler
[2023-03-02 13:29:21] ERROR error from user service: rpc error: code = InvalidArgument desc = password length should be from 8 to 20
[2023-03-02 13:29:21] ERROR error in sending request to user service: rpc error: code = InvalidArgument desc = password length should be from 8 to 20
[2023-03-02 13:29:26] DEBUG user signup handler
[2023-03-02 13:29:26] ERROR error from user service: rpc error: code = InvalidArgument desc = password length should be from 8 to 20
[2023-03-02 13:29:26] ERROR error in sending request to user service: rpc error: code = InvalidArgument desc = password length should be from 8 to 20
[2023-03-02 13:29:28] DEBUG user signup handler
[2023-03-02 13:29:28] ERROR error from user service: rpc error: code = InvalidArgument desc = username length should be from 8 to 20
[2023-03-02 13:29:28] ERROR error in sending request to user service: rpc error: code = InvalidArgument desc = username length should be from 8 to 20
[2023-03-02 13:29:30] DEBUG user signup handler
[2023-03-02 13:29:30] ERROR error from user service: rpc error: code = InvalidArgument desc = username length should be from 8 to 20
[2023-03-02 13:29:30] ERROR error in sending request to user service: rpc error: code = InvalidArgument desc = username length should be from 8 to 20
[2023-03-02 13:29:36] DEBUG user signup handler
[2023-03-02 13:29:36] ERROR error in unmarshaling: invalid character '\n' in string literal
[2023-03-02 13:29:38] DEBUG user signup handler
[2023-03-02 13:29:38] ERROR error from user service: rpc error: code = InvalidArgument desc = incorrect email format
[2023-03-02 13:29:38] ERROR error in sending request to user service: rpc error: code = InvalidArgument desc = incorrect email format
[2023-03-02 13:29:52] DEBUG user signup handler
[2023-03-02 13:30:49] DEBUG user signup handler
[2023-03-02 13:30:49] ERROR error from user service: rpc error: code = Unknown desc = user handler - signup - user service - repo create - user repo create - start tx - conn is dead
[2023-03-02 13:30:49] ERROR error in sending request to user service: rpc error: code = Unknown desc = user handler - signup - user service - repo create - user repo create - start tx - conn is dead
[2023-03-02 13:31:00] DEBUG user signup handler
[2023-03-02 13:31:00] ERROR error from user service: rpc error: code = InvalidArgument desc = user with this username or email already exists
[2023-03-02 13:31:00] ERROR error in sending request to user service: rpc error: code = InvalidArgument desc = user with this username or email already exists
[2023-03-02 13:35:59] FATAL fatal in running server: http: Server closed
[2023-03-02 13:36:00]  INFO server started
[2023-03-02 13:36:10] DEBUG user signup handler
[2023-03-02 13:36:10] ERROR error from user service: rpc error: code = InvalidArgument desc = password length should be from 8 to 20%!(EXTRA int=131, int=123, int=123)
[2023-03-02 13:36:10] ERROR error in sending request to user service: rpc error: code = InvalidArgument desc = password length should be from 8 to 20%!(EXTRA int=131, int=123, int=123)
[2023-03-02 13:38:21] DEBUG user signup handler
[2023-03-02 13:38:21] ERROR error from user service: rpc error: code = InvalidArgument desc = password length should be from 8 to 20%!(EXTRA int=123, int=123, int=123, int=123)
[2023-03-02 13:38:21] ERROR error in sending request to user service: rpc error: code = InvalidArgument desc = password length should be from 8 to 20%!(EXTRA int=123, int=123, int=123, int=123)
[2023-03-02 13:38:23] DEBUG user signup handler
[2023-03-02 13:38:23] ERROR error from user service: rpc error: code = InvalidArgument desc = password length should be from 8 to 20%!(EXTRA int=123, int=123, int=123, int=123)
[2023-03-02 13:38:23] ERROR error in sending request to user service: rpc error: code = InvalidArgument desc = password length should be from 8 to 20%!(EXTRA int=123, int=123, int=123, int=123)
[2023-03-02 13:38:25] FATAL fatal in running server: http: Server closed
[2023-03-02 13:38:26]  INFO server started
[2023-03-02 13:38:27] DEBUG user signup handler
[2023-03-02 13:38:27] ERROR error from user service: rpc error: code = InvalidArgument desc = password length should be from 8 to 20%!(EXTRA int=123, int=123, int=123, int=123)
[2023-03-02 13:38:27] ERROR error in sending request to user service: rpc error: code = InvalidArgument desc = password length should be from 8 to 20%!(EXTRA int=123, int=123, int=123, int=123)
[2023-03-02 13:39:01] DEBUG user signup handler
[2023-03-02 13:39:01] ERROR error from user service: rpc error: code = InvalidArgument desc = password length should be from 8 to 20%!(EXTRA int=123, int=123, int=123, int=123)
[2023-03-02 13:39:01] ERROR error in sending request to user service: rpc error: code = InvalidArgument desc = password length should be from 8 to 20%!(EXTRA int=123, int=123, int=123, int=123)
[2023-03-02 13:39:03] DEBUG user signup handler
[2023-03-02 13:39:03] ERROR error from user service: rpc error: code = InvalidArgument desc = password length should be from 8 to 20%!(EXTRA int=123, int=123, int=123, int=123)
[2023-03-02 13:39:03] ERROR error in sending request to user service: rpc error: code = InvalidArgument desc = password length should be from 8 to 20%!(EXTRA int=123, int=123, int=123, int=123)
[2023-03-02 13:39:04] DEBUG user signup handler
[2023-03-02 13:39:04] ERROR error from user service: rpc error: code = InvalidArgument desc = password length should be from 8 to 20%!(EXTRA int=123, int=123, int=123, int=123)
[2023-03-02 13:39:04] ERROR error in sending request to user service: rpc error: code = InvalidArgument desc = password length should be from 8 to 20%!(EXTRA int=123, int=123, int=123, int=123)
[2023-03-02 13:39:09] FATAL fatal in running server: http: Server closed
[2023-03-02 13:39:10]  INFO server started
[2023-03-02 13:39:11] DEBUG user signup handler
[2023-03-02 13:39:11] ERROR error from user service: rpc error: code = InvalidArgument desc = password length should be from 8 to 20%!(EXTRA int=123, int=123, int=123, int=123)
[2023-03-02 13:39:11] ERROR error in sending request to user service: rpc error: code = InvalidArgument desc = password length should be from 8 to 20%!(EXTRA int=123, int=123, int=123, int=123)
[2023-03-02 13:39:23] DEBUG user signup handler
[2023-03-02 13:39:23] ERROR error from user service: rpc error: code = InvalidArgument desc = password length should be from 8 to 20%!(EXTRA int=123, int=123, int=123, int=123)
[2023-03-02 13:39:23] ERROR error in sending request to user service: rpc error: code = InvalidArgument desc = password length should be from 8 to 20%!(EXTRA int=123, int=123, int=123, int=123)
[2023-03-02 13:39:24] DEBUG user signup handler
[2023-03-02 13:39:24] ERROR error from user service: rpc error: code = InvalidArgument desc = password length should be from 8 to 20%!(EXTRA int=123, int=123, int=123, int=123)
[2023-03-02 13:39:24] ERROR error in sending request to user service: rpc error: code = InvalidArgument desc = password length should be from 8 to 20%!(EXTRA int=123, int=123, int=123, int=123)
[2023-03-02 13:39:39] FATAL fatal in running server: http: Server closed
[2023-03-02 13:39:39]  INFO server started
[2023-03-02 13:39:41] DEBUG user signup handler
[2023-03-02 13:39:41] ERROR error from user service: rpc error: code = InvalidArgument desc = password length should be from 8 to 20%!(EXTRA int=123, int=123, int=123, int=123)
[2023-03-02 13:39:41] ERROR error in sending request to user service: rpc error: code = InvalidArgument desc = password length should be from 8 to 20%!(EXTRA int=123, int=123, int=123, int=123)
[2023-03-02 13:40:30] FATAL fatal in running server: http: Server closed
[2023-03-02 13:40:31]  INFO server started
[2023-03-02 13:40:33] DEBUG user signup handler
[2023-03-02 13:40:33] ERROR error from user service: rpc error: code = InvalidArgument desc = password length should be from 8 to 20%!(EXTRA int=123, int=123, int=123, int=123)
[2023-03-02 13:40:33] ERROR error in sending request to user service: rpc error: code = InvalidArgument desc = password length should be from 8 to 20%!(EXTRA int=123, int=123, int=123, int=123)
[2023-03-02 13:46:52] FATAL fatal in running server: http: Server closed
[2023-03-02 13:46:53]  INFO server started
[2023-03-02 13:47:01] DEBUG user signup handler
[2023-03-02 13:47:01] ERROR error from user service: rpc error: code = InvalidArgument desc = user with this username or email already exists
[2023-03-02 13:47:01] ERROR error in sending request to user service: rpc error: code = InvalidArgument desc = user with this username or email already exists
[2023-03-02 14:12:24] FATAL fatal in running server: http: Server closed
[2023-03-02 14:23:53]  INFO server started
[2023-03-02 14:24:16] FATAL fatal in running server: http: Server closed
[2023-03-02 14:24:17]  INFO server started
[2023-03-02 14:24:19] DEBUG user signin handler
[2023-03-02 14:24:19] ERROR error from user service: rpc error: code = Unavailable desc = connection error: desc = "transport: Error while dialing: dial tcp :8000: connect: connection refused"
[2023-03-02 14:24:19] ERROR error in sending request to user service: rpc error: code = Unavailable desc = connection error: desc = "transport: Error while dialing: dial tcp :8000: connect: connection refused"
[2023-03-02 14:24:44] DEBUG user signin handler
[2023-03-02 14:24:45] DEBUG user signin handler
[2023-03-02 14:24:45] DEBUG user signin handler
[2023-03-02 14:24:50] DEBUG user signin handler
[2023-03-02 14:24:50] ERROR error from user service: rpc error: code = Unauthenticated desc = user password incorrect
[2023-03-02 14:24:50] ERROR error in sending request to user service: rpc error: code = Unauthenticated desc = user password incorrect
[2023-03-02 14:24:53] DEBUG user signin handler
[2023-03-02 14:25:05] DEBUG user signin handler
[2023-03-02 14:25:06] DEBUG user signin handler
[2023-03-02 14:25:07] DEBUG user signin handler
[2023-03-02 14:25:13] DEBUG user signin handler
[2023-03-02 14:25:14] DEBUG user signin handler
[2023-03-02 14:25:15] DEBUG user signin handler
[2023-03-02 14:25:20] FATAL fatal in running server: http: Server closed
[2023-03-02 14:25:21]  INFO server started
[2023-03-02 14:25:22] DEBUG user signin handler
[2023-03-02 14:25:24] DEBUG user signin handler
[2023-03-02 14:25:25] DEBUG user signin handler
[2023-03-02 14:25:26] FATAL fatal in running server: http: Server closed
[2023-03-02 14:28:10]  INFO server started
[2023-03-02 14:28:15] DEBUG user signin handler
[2023-03-02 14:28:15] ERROR error from user service: rpc error: code = NotFound desc = check that you print correct email
[2023-03-02 14:28:15] ERROR error in sending request to user service: rpc error: code = NotFound desc = check that you print correct email
[2023-03-02 14:28:26] DEBUG user signin handler
[2023-03-02 14:28:26] ERROR error from user service: rpc error: code = NotFound desc = check that you print correct email
[2023-03-02 14:28:26] ERROR error in sending request to user service: rpc error: code = NotFound desc = check that you print correct email
[2023-03-02 14:28:29] DEBUG user signin handler
[2023-03-02 14:28:30] DEBUG user signin handler
[2023-03-02 14:28:31] DEBUG user signin handler
[2023-03-02 14:41:02] FATAL fatal in running server: http: Server closed
[2023-03-02 15:57:00]  INFO server started
[2023-03-02 15:57:05] DEBUG user signin handler
[2023-03-02 15:57:05] ERROR error in unmarshalling: %vinvalid character '}' looking for beginning of object key string
[2023-03-02 15:57:12] DEBUG user signin handler
[2023-03-02 15:57:12] ERROR error in unmarshalling: %vinvalid character '}' looking for beginning of object key string
[2023-03-02 15:57:15] DEBUG user signin handler
[2023-03-02 15:57:15] ERROR error from user service: rpc error: code = NotFound desc = check that you print correct email
[2023-03-02 15:57:15] ERROR error in sending request to user service: rpc error: code = NotFound desc = check that you print correct email
[2023-03-02 15:57:16] DEBUG user signin handler
[2023-03-02 15:57:16] ERROR error from user service: rpc error: code = NotFound desc = check that you print correct email
[2023-03-02 15:57:16] ERROR error in sending request to user service: rpc error: code = NotFound desc = check that you print correct email
[2023-03-02 15:57:22] DEBUG user signin handler
[2023-03-02 15:58:02] ERROR error from user service: rpc error: code = Unauthenticated desc = error in validating user token
[2023-03-02 15:58:13] ERROR error from user service: rpc error: code = Unauthenticated desc = error in validating user token
[2023-03-02 15:58:18] ERROR error from user service: rpc error: code = Unauthenticated desc = error in validating user token
[2023-03-02 16:23:05] FATAL fatal in running server: http: Server closed
[2023-03-02 16:23:07]  INFO server started
[2023-03-02 16:25:31]  INFO server started
[2023-03-02 16:25:38] ERROR error from user service: rpc error: code = Unauthenticated desc = error in validating user token
[2023-03-02 16:25:40] ERROR error from user service: rpc error: code = Unauthenticated desc = error in validating user token
[2023-03-02 16:25:50] ERROR error from user service: rpc error: code = NotFound desc = user with this id not found
[2023-03-02 16:25:52] ERROR error from user service: rpc error: code = NotFound desc = user with this id not found
[2023-03-02 16:25:56] ERROR error from user service: rpc error: code = NotFound desc = user with this id not found
[2023-03-02 16:25:57] ERROR error from user service: rpc error: code = NotFound desc = user with this id not found
[2023-03-02 16:25:59] ERROR error from user service: rpc error: code = NotFound desc = user with this id not found
[2023-03-02 16:26:01] ERROR error from user service: rpc error: code = NotFound desc = user with this id not found
[2023-03-02 16:26:04] ERROR error from user service: rpc error: code = NotFound desc = user with this id not found
[2023-03-02 16:26:06] ERROR error from user service: rpc error: code = NotFound desc = user with this id not found
[2023-03-02 16:26:07] ERROR error from user service: rpc error: code = NotFound desc = user with this id not found
[2023-03-02 16:27:28] DEBUG user signup handler
[2023-03-02 16:27:28] ERROR error from user service: rpc error: code = InvalidArgument desc = user with this username or email already exists
[2023-03-02 16:27:28] ERROR error in sending request to user service: rpc error: code = InvalidArgument desc = user with this username or email already exists
[2023-03-02 16:27:34] DEBUG user signup handler
[2023-03-02 16:27:34] ERROR error from user service: rpc error: code = InvalidArgument desc = user with this username or email already exists
[2023-03-02 16:27:34] ERROR error in sending request to user service: rpc error: code = InvalidArgument desc = user with this username or email already exists
[2023-03-02 16:27:36] DEBUG user signup handler
[2023-03-02 16:27:36] ERROR error from user service: rpc error: code = InvalidArgument desc = user with this username or email already exists
[2023-03-02 16:27:36] ERROR error in sending request to user service: rpc error: code = InvalidArgument desc = user with this username or email already exists
[2023-03-02 16:27:37] DEBUG user signup handler
[2023-03-02 16:27:37] ERROR error from user service: rpc error: code = InvalidArgument desc = user with this username or email already exists
[2023-03-02 16:27:37] ERROR error in sending request to user service: rpc error: code = InvalidArgument desc = user with this username or email already exists
[2023-03-02 16:27:41] DEBUG user signup handler
[2023-03-02 16:27:42] ERROR error from user service: rpc error: code = InvalidArgument desc = user with this username or email already exists
[2023-03-02 16:27:42] ERROR error in sending request to user service: rpc error: code = InvalidArgument desc = user with this username or email already exists
[2023-03-02 16:27:43] DEBUG user signup handler
[2023-03-02 16:27:43] ERROR error from user service: rpc error: code = InvalidArgument desc = user with this username or email already exists
[2023-03-02 16:27:43] ERROR error in sending request to user service: rpc error: code = InvalidArgument desc = user with this username or email already exists
[2023-03-02 16:27:43] DEBUG user signup handler
[2023-03-02 16:27:43] ERROR error from user service: rpc error: code = InvalidArgument desc = user with this username or email already exists
[2023-03-02 16:27:43] ERROR error in sending request to user service: rpc error: code = InvalidArgument desc = user with this username or email already exists
[2023-03-02 16:27:44] DEBUG user signup handler
[2023-03-02 16:27:44] ERROR error from user service: rpc error: code = InvalidArgument desc = user with this username or email already exists
[2023-03-02 16:27:44] ERROR error in sending request to user service: rpc error: code = InvalidArgument desc = user with this username or email already exists
[2023-03-02 16:27:50] DEBUG user signup handler
[2023-03-02 16:27:50] ERROR error from user service: rpc error: code = InvalidArgument desc = password length should be from 8 to 20
[2023-03-02 16:27:50] ERROR error in sending request to user service: rpc error: code = InvalidArgument desc = password length should be from 8 to 20
[2023-03-02 16:27:53] DEBUG user signup handler
[2023-03-02 16:27:53] ERROR error from user service: rpc error: code = InvalidArgument desc = user with this username or email already exists
[2023-03-02 16:27:53] ERROR error in sending request to user service: rpc error: code = InvalidArgument desc = user with this username or email already exists
[2023-03-02 16:27:54] DEBUG user signup handler
[2023-03-02 16:27:54] ERROR error from user service: rpc error: code = InvalidArgument desc = user with this username or email already exists
[2023-03-02 16:27:54] ERROR error in sending request to user service: rpc error: code = InvalidArgument desc = user with this username or email already exists
[2023-03-02 16:27:55] DEBUG user signup handler
[2023-03-02 16:27:55] ERROR error from user service: rpc error: code = InvalidArgument desc = user with this username or email already exists
[2023-03-02 16:27:55] ERROR error in sending request to user service: rpc error: code = InvalidArgument desc = user with this username or email already exists
[2023-03-02 16:27:55] DEBUG user signup handler
[2023-03-02 16:27:55] ERROR error from user service: rpc error: code = InvalidArgument desc = user with this username or email already exists
[2023-03-02 16:27:55] ERROR error in sending request to user service: rpc error: code = InvalidArgument desc = user with this username or email already exists
[2023-03-02 16:27:56] DEBUG user signup handler
[2023-03-02 16:27:56] ERROR error from user service: rpc error: code = InvalidArgument desc = user with this username or email already exists
[2023-03-02 16:27:56] ERROR error in sending request to user service: rpc error: code = InvalidArgument desc = user with this username or email already exists
[2023-03-02 16:28:21] DEBUG user signup handler
[2023-03-02 16:28:22] DEBUG user signup handler
[2023-03-02 16:28:22] ERROR error from user service: rpc error: code = InvalidArgument desc = user with this username or email already exists
[2023-03-02 16:28:22] ERROR error in sending request to user service: rpc error: code = InvalidArgument desc = user with this username or email already exists
[2023-03-02 16:29:07] FATAL fatal in running server: http: Server closed
[2023-03-02 17:02:00]  INFO server started
[2023-03-02 17:02:59] FATAL fatal in running server: http: Server closed
[2023-03-02 17:03:01]  INFO server started
[2023-03-02 17:03:03] DEBUG update user
[2023-03-02 17:03:03] ERROR error from user service: rpc error: code = Unauthenticated desc = user password incorrect
[2023-03-02 17:03:11] DEBUG update user
[2023-03-02 17:03:11] ERROR error from user service: rpc error: code = Unauthenticated desc = user password incorrect
[2023-03-02 17:03:40] DEBUG user signin handler
[2023-03-02 17:03:40] ERROR error from user service: rpc error: code = Unauthenticated desc = user password incorrect
[2023-03-02 17:03:40] ERROR error in sending request to user service: rpc error: code = Unauthenticated desc = user password incorrect
[2023-03-02 17:03:44] DEBUG user signin handler
[2023-03-02 17:03:54] DEBUG update user
[2023-03-02 17:04:03] DEBUG update user
[2023-03-02 17:04:03] ERROR error from user service: rpc error: code = Unauthenticated desc = user password incorrect
[2023-03-02 17:04:09] DEBUG update user
[2023-03-02 17:04:25] DEBUG get user by ID
[2023-03-02 17:07:23] FATAL fatal in running server: http: Server closed
[2023-03-02 17:07:24]  INFO server started
[2023-03-02 17:07:27] DEBUG update user
[2023-03-02 17:07:27] ERROR error from user service: rpc error: code = Unavailable desc = connection error: desc = "transport: Error while dialing: dial tcp :8000: connect: connection refused"
[2023-03-02 17:07:36] DEBUG update user
[2023-03-02 17:07:38] DEBUG update user
[2023-03-02 17:07:39] DEBUG update user
[2023-03-02 17:08:08] FATAL fatal in running server: http: Server closed
[2023-03-02 17:08:09]  INFO server started
[2023-03-02 17:08:30] DEBUG update user
[2023-03-02 17:08:31] DEBUG update user
[2023-03-02 17:08:35] DEBUG update user
[2023-03-02 17:08:36] DEBUG update user
[2023-03-02 17:08:37] DEBUG update user
[2023-03-02 17:08:38] DEBUG update user
[2023-03-02 17:08:44] FATAL fatal in running server: http: Server closed
[2023-03-02 17:08:44]  INFO server started
[2023-03-02 17:08:46] DEBUG update user
[2023-03-02 17:08:47] DEBUG update user
[2023-03-02 17:09:17] DEBUG update user
[2023-03-02 17:09:33] DEBUG update user
[2023-03-02 17:09:33] ERROR error from user service: rpc error: code = InvalidArgument desc = username length should be from 8 to 20
[2023-03-02 17:09:34] DEBUG update user
[2023-03-02 17:09:34] ERROR error from user service: rpc error: code = InvalidArgument desc = username length should be from 8 to 20
[2023-03-02 17:09:35] DEBUG update user
[2023-03-02 17:09:35] ERROR error from user service: rpc error: code = InvalidArgument desc = username length should be from 8 to 20
[2023-03-02 17:09:36] DEBUG update user
[2023-03-02 17:09:36] ERROR error from user service: rpc error: code = InvalidArgument desc = username length should be from 8 to 20
[2023-03-02 17:09:37] DEBUG update user
[2023-03-02 17:09:37] ERROR error from user service: rpc error: code = InvalidArgument desc = username length should be from 8 to 20
[2023-03-02 17:09:44] DEBUG update user
[2023-03-02 17:09:44] ERROR error from user service: rpc error: code = InvalidArgument desc = password length should be from 8 to 20
[2023-03-02 17:09:45] DEBUG update user
[2023-03-02 17:09:45] ERROR error from user service: rpc error: code = InvalidArgument desc = password length should be from 8 to 20
[2023-03-02 17:09:56] DEBUG update user
[2023-03-02 17:09:57] DEBUG update user
[2023-03-02 17:09:57] ERROR error from user service: rpc error: code = Unauthenticated desc = user password incorrect
[2023-03-02 17:10:08] DEBUG user signin handler
[2023-03-02 17:10:09] DEBUG user signin handler
[2023-03-02 17:10:12] DEBUG user signin handler
[2023-03-02 17:10:12] ERROR error from user service: rpc error: code = Unauthenticated desc = user password incorrect
[2023-03-02 17:10:12] ERROR error in sending request to user service: rpc error: code = Unauthenticated desc = user password incorrect
[2023-03-02 17:10:17] DEBUG user signin handler
[2023-03-02 17:10:34] DEBUG get user by ID
[2023-03-02 17:10:36] DEBUG get user by ID
[2023-03-02 17:10:41] FATAL fatal in running server: http: Server closed
[2023-03-02 17:29:38]  INFO server started
[2023-03-02 17:30:06] FATAL fatal in running server: http: Server closed
[2023-03-02 17:30:07]  INFO server started
[2023-03-02 17:33:58] FATAL fatal in running server: http: Server closed
[2023-03-02 17:33:59]  INFO server started
[2023-03-02 17:34:03] DEBUG refresh
[2023-03-02 17:34:03] ERROR error from user service: rpc error: code = Unavailable desc = connection error: desc = "transport: Error while dialing: dial tcp :8000: connect: connection refused"
[2023-03-02 17:34:13] DEBUG refresh
[2023-03-02 17:34:14] DEBUG refresh
[2023-03-02 17:34:15] DEBUG refresh
[2023-03-02 17:34:22] FATAL fatal in running server: http: Server closed
[2023-03-02 17:34:23]  INFO server started
[2023-03-02 17:34:24] DEBUG refresh
[2023-03-02 17:34:25] DEBUG refresh
[2023-03-02 17:34:26] DEBUG refresh
[2023-03-02 17:34:27] DEBUG refresh
[2023-03-02 17:34:28] DEBUG refresh
[2023-03-02 17:34:28] DEBUG refresh
[2023-03-02 17:34:29] DEBUG refresh
[2023-03-02 17:34:29] DEBUG refresh
[2023-03-02 17:35:07] FATAL fatal in running server: http: Server closed
