[2023-02-26 14:56:35] FATAL error in geting configs %!w(*errors.errorString=&{config file parsing error: yaml: unmarshal errors:
  line 9: cannot unmarshal !!str `addr:":...` into struct { Addr string "yaml:\"addr\"" }})

[2023-02-26 14:57:11] FATAL error in geting configs config file parsing error: yaml: unmarshal errors:
  line 9: cannot unmarshal !!str `addr:":...` into struct { Addr string "yaml:\"addr\"" }

[2023-02-26 14:57:14] FATAL error in geting configs config file parsing error: yaml: unmarshal errors:
  line 9: cannot unmarshal !!str `addr:":...` into struct { Addr string "yaml:\"addr\"" }

[2023-02-26 14:57:19] FATAL error in geting configs config file parsing error: yaml: unmarshal errors:
  line 9: cannot unmarshal !!str `addr:":...` into struct { Addr string "yaml:\"addr\"" }

[2023-02-26 14:57:58] FATAL error in geting configs config file parsing error: yaml: unmarshal errors:
  line 9: cannot unmarshal !!str `addr:":...` into struct { Addr string "yaml:\"addr\"" }

[2023-02-26 14:58:07] FATAL error in geting configs config file parsing error: yaml: unmarshal errors:
  line 9: cannot unmarshal !!str `addr:":...` into struct { Addr string "yaml:\"addr\"" }

[2023-02-26 14:58:39] DEBUG checking if configs ok: &{{5432 localhost root root users} {:8000}}

[2023-02-26 14:58:39] FATAL error in initializing db: sql: unknown driver "pgx" (forgotten import?)
[2023-02-26 14:59:33] DEBUG checking if configs ok: &{{5432 localhost root root users} {:8000}}

[2023-02-26 14:59:33] DEBUG server is started
[2023-02-26 14:59:50] DEBUG checking if configs ok: &{{5432 localhost root root users} {:8000}}
[2023-02-26 14:59:50] DEBUG server is started
[2023-02-26 15:05:16] DEBUG checking if configs ok: &{{5432 localhost root root users} {:8000}}
[2023-02-26 15:05:16] DEBUG server is started
[2023-02-26 15:05:19] DEBUG signup user
[2023-02-26 15:08:13] DEBUG signup user
[2023-02-26 15:08:13] ERROR error in creating user: %!w(*fmt.wrapError=&{user service - repo create - user repo - create - insert - ERROR: duplicate key value violates unique constraint "users_email_key" (SQLSTATE 23505) 0xc000081060})

[2023-02-26 15:08:58] DEBUG checking if configs ok: &{{5432 localhost root root users} {:8000}}
[2023-02-26 15:08:58] DEBUG server is started
[2023-02-26 15:08:59] DEBUG signup user
[2023-02-26 15:08:59] ERROR error in creating user: user service - repo create - user repo - create - insert - ERROR: duplicate key value violates unique constraint "users_email_key" (SQLSTATE 23505)

[2023-02-26 15:09:53] DEBUG checking if configs ok: &{{5432 localhost root root users} {:8000}}
[2023-02-26 15:09:53] DEBUG server is started
[2023-02-26 15:09:54] DEBUG signup user
[2023-02-26 15:09:54] ERROR error in creating user: user service - repo create - user repo - create - insert - ERROR: duplicate key value violates unique constraint "users_email_key" (SQLSTATE 23505)

[2023-02-26 15:10:37] DEBUG checking if configs ok: &{{5432 localhost root root users} {:8000}}
[2023-02-26 15:10:37] DEBUG server is started
[2023-02-26 15:10:39] DEBUG signup user
[2023-02-26 15:10:39] ERROR error in creating user: user service - repo create - user repo - create - insert - user with this username or email already exist
[2023-02-26 15:11:03] DEBUG checking if configs ok: &{{5432 localhost root root users} {:8000}}
[2023-02-26 15:11:03] DEBUG server is started
[2023-02-26 15:11:05] DEBUG signup user
[2023-02-26 15:11:05] ERROR error in creating user: user service - repo create - user repo create - insert - user with this username or email already exist
[2023-02-26 15:18:10] DEBUG checking if configs ok: &{{5432 localhost root root users} {:8000}}
[2023-02-26 15:18:10] DEBUG server is started
[2023-02-26 15:18:11] DEBUG signup user
[2023-02-26 15:18:11] ERROR error in creating user: user service - repo create - user repo create - insert - user with this username or email already exist
[2023-02-26 15:18:18] DEBUG signup user
[2023-02-26 15:18:18] ERROR error in creating user: user service - repo create - user repo create - insert - user with this username or email already exist
[2023-02-26 15:18:22] DEBUG signup user
[2023-02-26 15:18:22] ERROR error in creating user: user service - repo create - user repo create - insert - user with this username or email already exist
[2023-02-26 15:19:39] DEBUG checking if configs ok: &{{5432 localhost root root users} {:8000}}
[2023-02-26 15:19:39] DEBUG server is started
[2023-02-26 15:19:40] DEBUG signup user
[2023-02-26 15:19:40] ERROR ERROR: duplicate key value violates unique constraint "users_email_key" (SQLSTATE 23505)
[2023-02-26 15:19:40] ERROR error in creating user: user service - repo create - user repo create - insert - user with this username or email already exist
[2023-02-26 15:19:47] DEBUG signup user
[2023-02-26 15:19:47] ERROR ERROR: duplicate key value violates unique constraint "users_email_key" (SQLSTATE 23505)
[2023-02-26 15:19:47] ERROR error in creating user: user service - repo create - user repo create - insert - user with this username or email already exist
[2023-02-26 15:19:59] DEBUG signup user
[2023-02-26 15:20:01] DEBUG signup user
[2023-02-26 15:20:01] ERROR ERROR: duplicate key value violates unique constraint "users_email_key" (SQLSTATE 23505)
[2023-02-26 15:20:01] ERROR error in creating user: user service - repo create - user repo create - insert - user with this username or email already exist
[2023-02-26 15:20:12] DEBUG signup user
[2023-02-26 16:22:43] DEBUG checking if configs ok: &{{5432 localhost root root users} {:8000}}
[2023-02-26 16:22:43] DEBUG server is started
[2023-02-26 16:22:51] DEBUG checking if configs ok: &{{5432 localhost root root users} {:8000}}
[2023-02-26 16:22:51] DEBUG server is started
[2023-02-26 16:23:00] DEBUG checking if configs ok: &{{5432 localhost root root users} {:8000}}
[2023-02-26 16:23:00] DEBUG server is started
[2023-02-26 16:23:33] DEBUG checking if configs ok: &{{5432 localhost root root users} {:8000}}
[2023-02-26 16:23:33] DEBUG server is started
[2023-02-26 16:23:46] DEBUG checking if configs ok: &{{5432 localhost root root users} {:8000}}
[2023-02-26 16:23:46] DEBUG server is started
[2023-02-26 16:24:18] DEBUG server is started
[2023-02-26 16:24:34] DEBUG server is started
[2023-02-26 16:25:54] DEBUG server is started
[2023-02-26 16:26:06] DEBUG server is started
[2023-02-26 16:26:15] DEBUG server is started
[2023-02-26 16:26:24] DEBUG server is started
[2023-02-26 16:26:35] DEBUG server is started
[2023-02-26 18:30:36] DEBUG server is started
[2023-02-26 18:30:41] DEBUG signup user
[2023-02-26 18:30:41] ERROR ERROR: duplicate key value violates unique constraint "users_email_key" (SQLSTATE 23505)
[2023-02-26 18:30:41] ERROR error in creating user: user service - repo create - user repo create - insert - ERROR: duplicate key value violates unique constraint "users_email_key" (SQLSTATE 23505)
[2023-02-26 18:30:49] DEBUG signin user
[2023-02-26 18:30:49] ERROR error in signin: user service - user repo get - select - expected slice but got struct
[2023-02-26 18:31:02] DEBUG server is started
[2023-02-26 18:31:03] DEBUG signin user
[2023-02-26 18:32:27] DEBUG server is started
[2023-02-26 18:32:28] DEBUG signin user
[2023-02-26 18:32:28] ERROR error in signin: user service - user repo get - select - sql: no rows in result set
[2023-02-26 18:32:34] DEBUG signin user
[2023-02-26 18:32:34] ERROR error in signin: user service - user repo get - select - sql: no rows in result set
[2023-02-26 18:32:49] DEBUG server is started
[2023-02-26 18:32:49] DEBUG signin user
[2023-02-26 18:32:49] ERROR error in signin: user service - user repo get - select - user with this email not found
[2023-02-26 18:32:58] DEBUG signin user
[2023-02-26 18:32:58] ERROR error in signin: user password incorrect
[2023-02-27 13:03:11] FATAL ping db error: dial tcp 127.0.0.1:5432: connect: connection refused
[2023-02-27 13:03:46] DEBUG server is started
[2023-02-27 13:04:06]  INFO server is started
[2023-02-27 13:04:20] DEBUG signin user
[2023-02-27 13:04:20] ERROR error in signin: user password incorrect
[2023-02-27 13:04:29] DEBUG signup user
[2023-02-27 13:04:29] ERROR ERROR: duplicate key value violates unique constraint "users_email_key" (SQLSTATE 23505)
[2023-02-27 13:04:29] ERROR error in creating user: user service - repo create - user repo create - insert - ERROR: duplicate key value violates unique constraint "users_email_key" (SQLSTATE 23505)
[2023-02-27 13:04:51]  INFO server is started
[2023-02-27 13:04:52] DEBUG signup user
[2023-02-27 13:04:52] ERROR ERROR: duplicate key value violates unique constraint "users_email_key" (SQLSTATE 23505)
[2023-02-27 13:04:52] ERROR error in creating user: user service - repo create - user repo create - insert - ERROR: duplicate key value violates unique constraint "users_email_key" (SQLSTATE 23505)
[2023-02-27 13:04:54] DEBUG signup user
[2023-02-27 13:04:54] ERROR ERROR: duplicate key value violates unique constraint "users_email_key" (SQLSTATE 23505)
[2023-02-27 13:04:54] ERROR error in creating user: user service - repo create - user repo create - insert - ERROR: duplicate key value violates unique constraint "users_email_key" (SQLSTATE 23505)
[2023-02-27 13:05:12]  INFO server is started
[2023-02-27 13:05:13] DEBUG signup user
[2023-02-27 13:05:13] ERROR ERROR: duplicate key value violates unique constraint "users_email_key" (SQLSTATE 23505)
[2023-02-27 13:05:13] ERROR error in creating user: user service - repo create - user repo create - insert - user with this username or email already exist
[2023-02-27 13:05:14] DEBUG signup user
[2023-02-27 13:05:14] ERROR ERROR: duplicate key value violates unique constraint "users_email_key" (SQLSTATE 23505)
[2023-02-27 13:05:14] ERROR error in creating user: user service - repo create - user repo create - insert - user with this username or email already exist
[2023-02-27 13:05:14] DEBUG signup user
[2023-02-27 13:05:14] ERROR ERROR: duplicate key value violates unique constraint "users_email_key" (SQLSTATE 23505)
[2023-02-27 13:05:14] ERROR error in creating user: user service - repo create - user repo create - insert - user with this username or email already exist
[2023-02-27 13:05:18] DEBUG signup user
[2023-02-27 13:05:18] ERROR ERROR: duplicate key value violates unique constraint "users_username_key" (SQLSTATE 23505)
[2023-02-27 13:05:18] ERROR error in creating user: user service - repo create - user repo create - insert - user with this username or email already exist
[2023-02-27 13:05:23] DEBUG signup user
[2023-02-27 13:05:37] DEBUG signin user
[2023-02-27 13:06:04] DEBUG valivate user access token
[2023-02-27 13:06:04] ERROR error in parse user token: token contains an invalid number of segments
[2023-02-27 13:07:06] DEBUG valivate user access token
[2023-02-27 13:07:09] DEBUG valivate user access token
[2023-02-27 13:07:09] ERROR error in parse user token: token type must be access
[2023-02-27 13:07:10] DEBUG valivate user access token
[2023-02-27 13:07:10] ERROR error in parse user token: token type must be access
[2023-02-27 13:07:11] DEBUG valivate user access token
[2023-02-27 13:07:11] ERROR error in parse user token: token type must be access
[2023-02-27 13:07:22] DEBUG valivate user access token
[2023-02-27 13:07:23] DEBUG valivate user access token
[2023-02-27 13:07:24] DEBUG valivate user access token
[2023-02-27 13:07:24] DEBUG valivate user access token
[2023-02-27 13:07:25] DEBUG valivate user access token
[2023-02-27 13:07:25] DEBUG valivate user access token
[2023-02-27 13:07:25] DEBUG valivate user access token
[2023-02-27 13:07:26] DEBUG valivate user access token
[2023-02-27 13:07:26] DEBUG valivate user access token
[2023-02-27 13:07:26] DEBUG valivate user access token
[2023-02-27 13:07:27] DEBUG valivate user access token
[2023-02-27 13:07:27] DEBUG valivate user access token
[2023-02-27 13:07:28] DEBUG valivate user access token
[2023-02-27 13:07:28] DEBUG valivate user access token
[2023-02-27 13:07:28] DEBUG valivate user access token
[2023-02-27 13:07:37] DEBUG valivate user access token
[2023-02-27 13:07:37] DEBUG valivate user access token
[2023-02-27 13:07:37] ERROR error in parse user token: token type must be access
[2023-02-27 13:07:41] DEBUG valivate user access token
[2023-02-27 13:07:41] ERROR error in parse user token: token type must be access
[2023-02-27 13:07:42] DEBUG valivate user access token
[2023-02-27 13:07:42] ERROR error in parse user token: token type must be access
[2023-02-27 13:07:43] DEBUG valivate user access token
[2023-02-27 13:07:43] ERROR error in parse user token: token type must be access
[2023-02-27 13:07:44] DEBUG valivate user access token
[2023-02-27 13:07:44] ERROR error in parse user token: token type must be access
[2023-02-27 13:07:44] DEBUG valivate user access token
[2023-02-27 13:07:44] ERROR error in parse user token: token type must be access
[2023-02-27 13:07:45] DEBUG valivate user access token
[2023-02-27 13:07:45] ERROR error in parse user token: token type must be access
[2023-02-27 13:07:46] DEBUG valivate user access token
[2023-02-27 13:07:49] DEBUG valivate user access token
[2023-02-27 13:07:49] ERROR error in parse user token: token contains an invalid number of segments
[2023-02-27 13:50:37]  INFO server is started
[2023-02-27 13:50:43] DEBUG signin user
[2023-02-27 13:52:11] DEBUG get user info by access token
[2023-02-27 13:52:11] ERROR error in parse user token: token contains an invalid number of segments
[2023-02-27 13:52:22] DEBUG get user info by access token
[2023-02-27 13:53:09]  INFO server is started
[2023-02-27 13:53:10] DEBUG get user info by access token
[2023-02-27 13:54:56] DEBUG signup user
[2023-02-27 13:55:02] DEBUG signin user
[2023-02-27 13:55:17] DEBUG get user info by access token
[2023-02-27 13:55:17] ERROR error in parse user token: token contains an invalid number of segments
[2023-02-27 13:55:19] DEBUG get user info by access token
[2023-02-27 13:55:22] DEBUG get user info by access token
[2023-02-27 13:55:23] DEBUG get user info by access token
[2023-02-27 13:55:24] DEBUG get user info by access token
[2023-02-27 13:55:24] DEBUG get user info by access token
[2023-02-27 13:55:24] DEBUG get user info by access token
[2023-02-27 13:55:25] DEBUG get user info by access token
[2023-02-27 13:55:25] DEBUG get user info by access token
[2023-02-27 13:55:25] DEBUG get user info by access token
[2023-02-27 13:55:25] DEBUG get user info by access token
[2023-02-27 13:55:26] DEBUG get user info by access token
[2023-02-27 13:55:26] DEBUG get user info by access token
[2023-02-27 13:55:26] DEBUG get user info by access token
[2023-02-27 14:02:23]  INFO server is started
[2023-02-27 14:02:40] ERROR error in get user by id: user repo get by ID - select - user not found
[2023-02-27 14:02:48] ERROR error in get user by id: user repo get by ID - select - user not found
[2023-02-27 16:06:37] FATAL ping db error: dial tcp 127.0.0.1:5432: connect: connection refused
[2023-02-27 16:10:12] FATAL ping db error: dial tcp 127.0.0.1:5432: connect: connection refused
[2023-02-27 16:10:50]  INFO server is started
[2023-02-27 16:10:58] DEBUG signin user
[2023-02-27 16:10:58] ERROR error in signin: user service - user repo get - select - user not found
[2023-02-27 16:11:06] DEBUG signup user
[2023-02-27 16:11:10] DEBUG signin user
[2023-02-27 16:11:39] DEBUG update user credentials
[2023-02-27 16:11:39] ERROR error in updatin user: %!w(*fmt.wrapError=&{user service - update user - check password - user password incorrect 0xfd2800})
[2023-02-27 16:11:55] DEBUG update user credentials
[2023-02-27 16:11:55] ERROR error in updatin user: %!w(*fmt.wrapError=&{user service - update user - check password - user password incorrect 0xfd2800})
[2023-02-27 16:11:56] DEBUG update user credentials
[2023-02-27 16:11:56] ERROR error in updatin user: %!w(*fmt.wrapError=&{user service - update user - check password - user password incorrect 0xfd2800})
[2023-02-27 16:12:15] DEBUG signin user
[2023-02-27 16:12:47]  INFO server is started
[2023-02-27 16:12:48] DEBUG update user credentials
[2023-02-27 16:12:48] ERROR error in updating user: user service - update user - check password - user password incorrect
[2023-02-27 16:13:14] DEBUG signin user
[2023-02-27 16:13:19] DEBUG signup user
[2023-02-27 16:13:19] ERROR ERROR: duplicate key value violates unique constraint "users_email_key" (SQLSTATE 23505)
[2023-02-27 16:13:19] ERROR error in creating user: user service - repo create - user repo create - insert - user with this username or email already exist
[2023-02-27 16:13:24] DEBUG update user credentials
[2023-02-27 16:13:24] ERROR error in updating user: user service - update user - check password - user password incorrect
[2023-02-27 16:15:02]  INFO server is started
[2023-02-27 16:15:03] DEBUG update user credentials
[2023-02-27 16:15:04] ERROR error in updating user: user service - update user - check password - user password incorrect
[2023-02-27 16:15:36]  INFO server is started
[2023-02-27 16:15:38] DEBUG update user credentials
[2023-02-27 16:15:38] ERROR error in updating user: user service - update user - check password - user password incorrect
[2023-02-27 16:16:17]  INFO server is started
[2023-02-27 16:16:18] DEBUG update user credentials
[2023-02-27 16:16:18] ERROR error in updating user: user service - update user - check password - user password incorrect
[2023-02-27 16:18:02]  INFO server is started
[2023-02-27 16:18:02] DEBUG update user credentials
[2023-02-27 16:18:05] DEBUG update user credentials
[2023-02-27 16:18:07] DEBUG update user credentials
[2023-02-27 16:18:09] DEBUG update user credentials
[2023-02-27 16:18:30] DEBUG signin user
[2023-02-27 16:18:31] DEBUG signin user
[2023-02-27 16:18:59]  INFO server is started
[2023-02-27 16:19:00] DEBUG signin user
[2023-02-27 16:19:14]  INFO server is started
[2023-02-27 16:19:16] DEBUG update user credentials
[2023-02-27 16:19:16] ERROR error in updating user: user service - update user - check password - user password incorrect
[2023-02-27 16:20:05]  INFO server is started
[2023-02-27 16:20:05] DEBUG update user credentials
[2023-02-27 16:20:05] ERROR error in updating user: user service - update user - check password - user password incorrect
[2023-02-27 16:20:22] DEBUG signin user
[2023-02-27 16:20:22] DEBUG signin user
[2023-02-27 16:20:23] DEBUG signin user
[2023-02-27 16:20:24] DEBUG signin user
[2023-02-27 16:20:24] DEBUG signin user
[2023-02-27 16:20:24] DEBUG signin user
[2023-02-27 16:20:25] DEBUG signin user
[2023-02-27 16:20:25] DEBUG signin user
[2023-02-27 16:20:26] DEBUG signin user
[2023-02-27 16:20:26] DEBUG signin user
[2023-02-27 16:20:27] DEBUG signin user
[2023-02-27 16:20:27] DEBUG signin user
[2023-02-27 16:20:27] DEBUG signin user
[2023-02-27 16:20:28] DEBUG signin user
[2023-02-27 16:20:28] DEBUG signin user
[2023-02-27 16:20:29] DEBUG signin user
[2023-02-27 16:20:29] DEBUG signin user
[2023-02-27 16:20:31] DEBUG signin user
[2023-02-27 16:20:31] ERROR error in signin: user service - user repo get - select - user not found
[2023-02-27 16:20:32] DEBUG signin user
[2023-02-27 16:20:32] ERROR error in signin: user service - user repo get - select - user not found
[2023-02-27 16:20:33] DEBUG signin user
[2023-02-27 16:20:33] ERROR error in signin: user service - user repo get - select - user not found
[2023-02-27 16:20:50] DEBUG signup user
[2023-02-27 16:20:50] ERROR ERROR: duplicate key value violates unique constraint "users_username_key" (SQLSTATE 23505)
[2023-02-27 16:20:50] ERROR error in creating user: user service - repo create - user repo create - insert - user with this username or email already exist
[2023-02-27 16:20:58] DEBUG signin user
[2023-02-27 16:20:58] ERROR error in signin: user service - user repo get - select - user not found
[2023-02-27 16:20:59] DEBUG signin user
[2023-02-27 16:20:59] ERROR error in signin: user service - user repo get - select - user not found
[2023-02-27 16:21:01] DEBUG signup user
[2023-02-27 16:21:01] ERROR ERROR: duplicate key value violates unique constraint "users_username_key" (SQLSTATE 23505)
[2023-02-27 16:21:01] ERROR error in creating user: user service - repo create - user repo create - insert - user with this username or email already exist
[2023-02-27 16:21:10] DEBUG signup user
[2023-02-27 16:21:11] ERROR ERROR: duplicate key value violates unique constraint "users_username_key" (SQLSTATE 23505)
[2023-02-27 16:21:11] ERROR error in creating user: user service - repo create - user repo create - insert - user with this username or email already exist
[2023-02-27 16:21:21] DEBUG signup user
[2023-02-27 16:21:21] ERROR error in creating user: user service - repo create - sql: transaction has already been committed or rolled back
[2023-02-27 16:24:00]  INFO server is started
[2023-02-27 16:24:03] DEBUG signup user
[2023-02-27 16:24:03] ERROR ERROR: duplicate key value violates unique constraint "users_email_key" (SQLSTATE 23505)
[2023-02-27 16:24:03] ERROR error in creating user: user service - repo create - user repo create - insert - user with this username or email already exist
[2023-02-27 16:24:05] DEBUG signup user
[2023-02-27 16:24:05] ERROR ERROR: duplicate key value violates unique constraint "users_email_key" (SQLSTATE 23505)
[2023-02-27 16:24:05] ERROR error in creating user: user service - repo create - user repo create - insert - user with this username or email already exist
[2023-02-27 16:24:06] DEBUG signup user
[2023-02-27 16:24:06] ERROR ERROR: duplicate key value violates unique constraint "users_email_key" (SQLSTATE 23505)
[2023-02-27 16:24:06] ERROR error in creating user: user service - repo create - user repo create - insert - user with this username or email already exist
[2023-02-27 16:24:06] DEBUG signup user
[2023-02-27 16:24:06] ERROR ERROR: duplicate key value violates unique constraint "users_email_key" (SQLSTATE 23505)
[2023-02-27 16:24:06] ERROR error in creating user: user service - repo create - user repo create - insert - user with this username or email already exist
[2023-02-27 16:24:11] DEBUG signup user
[2023-02-27 16:24:11] ERROR ERROR: duplicate key value violates unique constraint "users_username_key" (SQLSTATE 23505)
[2023-02-27 16:24:11] ERROR error in creating user: user service - repo create - user repo create - insert - user with this username or email already exist
[2023-02-27 16:24:13] DEBUG signup user
[2023-02-27 16:24:13] ERROR ERROR: duplicate key value violates unique constraint "users_username_key" (SQLSTATE 23505)
[2023-02-27 16:24:13] ERROR error in creating user: user service - repo create - user repo create - insert - user with this username or email already exist
[2023-02-27 16:24:18] DEBUG signup user
[2023-02-27 16:24:18] ERROR ERROR: duplicate key value violates unique constraint "users_email_key" (SQLSTATE 23505)
[2023-02-27 16:24:18] ERROR error in creating user: user service - repo create - user repo create - insert - user with this username or email already exist
[2023-02-27 16:24:28] DEBUG signup user
[2023-02-27 16:24:28] ERROR error in creating user: user service - repo create - sql: transaction has already been committed or rolled back
[2023-02-27 16:24:29] DEBUG signup user
[2023-02-27 16:24:29] ERROR ERROR: duplicate key value violates unique constraint "users_email_key" (SQLSTATE 23505)
[2023-02-27 16:24:29] ERROR error in creating user: user service - repo create - user repo create - insert - user with this username or email already exist
[2023-02-27 16:24:30] DEBUG signup user
[2023-02-27 16:24:30] ERROR ERROR: duplicate key value violates unique constraint "users_email_key" (SQLSTATE 23505)
[2023-02-27 16:24:30] ERROR error in creating user: user service - repo create - user repo create - insert - user with this username or email already exist
[2023-02-27 16:24:30] DEBUG signup user
[2023-02-27 16:24:30] ERROR ERROR: duplicate key value violates unique constraint "users_email_key" (SQLSTATE 23505)
[2023-02-27 16:24:30] ERROR error in creating user: user service - repo create - user repo create - insert - user with this username or email already exist
[2023-02-27 16:24:31] DEBUG signup user
[2023-02-27 16:24:31] ERROR ERROR: duplicate key value violates unique constraint "users_email_key" (SQLSTATE 23505)
[2023-02-27 16:24:31] ERROR error in creating user: user service - repo create - user repo create - insert - user with this username or email already exist
[2023-02-27 16:24:31] DEBUG signup user
[2023-02-27 16:24:31] ERROR ERROR: duplicate key value violates unique constraint "users_email_key" (SQLSTATE 23505)
[2023-02-27 16:24:31] ERROR error in creating user: user service - repo create - user repo create - insert - user with this username or email already exist
[2023-02-27 16:24:31] DEBUG signup user
[2023-02-27 16:24:31] ERROR ERROR: duplicate key value violates unique constraint "users_email_key" (SQLSTATE 23505)
[2023-02-27 16:24:31] ERROR error in creating user: user service - repo create - user repo create - insert - user with this username or email already exist
[2023-02-27 16:24:32] DEBUG signup user
[2023-02-27 16:24:32] ERROR ERROR: duplicate key value violates unique constraint "users_email_key" (SQLSTATE 23505)
[2023-02-27 16:24:32] ERROR error in creating user: user service - repo create - user repo create - insert - user with this username or email already exist
[2023-02-27 16:24:32] DEBUG signup user
[2023-02-27 16:24:32] ERROR ERROR: duplicate key value violates unique constraint "users_email_key" (SQLSTATE 23505)
[2023-02-27 16:24:32] ERROR error in creating user: user service - repo create - user repo create - insert - user with this username or email already exist
[2023-02-27 16:24:32] DEBUG signup user
[2023-02-27 16:24:32] ERROR ERROR: duplicate key value violates unique constraint "users_email_key" (SQLSTATE 23505)
[2023-02-27 16:24:32] ERROR error in creating user: user service - repo create - user repo create - insert - user with this username or email already exist
[2023-02-27 16:24:33] DEBUG signup user
[2023-02-27 16:24:33] ERROR ERROR: duplicate key value violates unique constraint "users_email_key" (SQLSTATE 23505)
[2023-02-27 16:24:33] ERROR error in creating user: user service - repo create - user repo create - insert - user with this username or email already exist
[2023-02-27 16:24:33] DEBUG signup user
[2023-02-27 16:24:33] ERROR ERROR: duplicate key value violates unique constraint "users_email_key" (SQLSTATE 23505)
[2023-02-27 16:24:33] ERROR error in creating user: user service - repo create - user repo create - insert - user with this username or email already exist
[2023-02-27 16:24:33] DEBUG signup user
[2023-02-27 16:24:33] ERROR ERROR: duplicate key value violates unique constraint "users_email_key" (SQLSTATE 23505)
[2023-02-27 16:24:33] ERROR error in creating user: user service - repo create - user repo create - insert - user with this username or email already exist
[2023-02-27 16:24:34] DEBUG signup user
[2023-02-27 16:24:34] ERROR ERROR: duplicate key value violates unique constraint "users_email_key" (SQLSTATE 23505)
[2023-02-27 16:24:34] ERROR error in creating user: user service - repo create - user repo create - insert - user with this username or email already exist
[2023-02-27 16:24:34] DEBUG signup user
[2023-02-27 16:24:34] ERROR ERROR: duplicate key value violates unique constraint "users_email_key" (SQLSTATE 23505)
[2023-02-27 16:24:34] ERROR error in creating user: user service - repo create - user repo create - insert - user with this username or email already exist
[2023-02-27 16:24:34] DEBUG signup user
[2023-02-27 16:24:34] ERROR ERROR: duplicate key value violates unique constraint "users_email_key" (SQLSTATE 23505)
[2023-02-27 16:24:34] ERROR error in creating user: user service - repo create - user repo create - insert - user with this username or email already exist
[2023-02-27 16:24:34] DEBUG signup user
[2023-02-27 16:24:35] ERROR ERROR: duplicate key value violates unique constraint "users_email_key" (SQLSTATE 23505)
[2023-02-27 16:24:35] ERROR error in creating user: user service - repo create - user repo create - insert - user with this username or email already exist
[2023-02-27 16:24:35] DEBUG signup user
[2023-02-27 16:24:35] ERROR ERROR: duplicate key value violates unique constraint "users_email_key" (SQLSTATE 23505)
[2023-02-27 16:24:35] ERROR error in creating user: user service - repo create - user repo create - insert - user with this username or email already exist
[2023-02-27 16:24:35] DEBUG signup user
[2023-02-27 16:24:35] ERROR ERROR: duplicate key value violates unique constraint "users_email_key" (SQLSTATE 23505)
[2023-02-27 16:24:35] ERROR error in creating user: user service - repo create - user repo create - insert - user with this username or email already exist
[2023-02-27 16:24:35] DEBUG signup user
[2023-02-27 16:24:35] ERROR ERROR: duplicate key value violates unique constraint "users_email_key" (SQLSTATE 23505)
[2023-02-27 16:24:35] ERROR error in creating user: user service - repo create - user repo create - insert - user with this username or email already exist
[2023-02-27 16:24:35] DEBUG signup user
[2023-02-27 16:24:36] ERROR ERROR: duplicate key value violates unique constraint "users_email_key" (SQLSTATE 23505)
[2023-02-27 16:24:36] ERROR error in creating user: user service - repo create - user repo create - insert - user with this username or email already exist
[2023-02-27 16:24:36] DEBUG signup user
[2023-02-27 16:24:36] ERROR ERROR: duplicate key value violates unique constraint "users_email_key" (SQLSTATE 23505)
[2023-02-27 16:24:36] ERROR error in creating user: user service - repo create - user repo create - insert - user with this username or email already exist
[2023-02-27 16:24:36] DEBUG signup user
[2023-02-27 16:24:36] ERROR ERROR: duplicate key value violates unique constraint "users_email_key" (SQLSTATE 23505)
[2023-02-27 16:24:36] ERROR error in creating user: user service - repo create - user repo create - insert - user with this username or email already exist
[2023-02-27 16:24:36] DEBUG signup user
[2023-02-27 16:24:36] ERROR ERROR: duplicate key value violates unique constraint "users_email_key" (SQLSTATE 23505)
[2023-02-27 16:24:36] ERROR error in creating user: user service - repo create - user repo create - insert - user with this username or email already exist
[2023-02-27 16:24:36] DEBUG signup user
[2023-02-27 16:24:36] ERROR ERROR: duplicate key value violates unique constraint "users_email_key" (SQLSTATE 23505)
[2023-02-27 16:24:36] ERROR error in creating user: user service - repo create - user repo create - insert - user with this username or email already exist
[2023-02-27 16:25:26]  INFO server is started
[2023-02-27 16:25:27] DEBUG signup user
[2023-02-27 16:25:27] ERROR ERROR: duplicate key value violates unique constraint "users_email_key" (SQLSTATE 23505)
[2023-02-27 16:25:27] ERROR error in creating user: user service - repo create - user repo create - insert - user with this username or email already exist
[2023-02-27 16:25:29] DEBUG signup user
[2023-02-27 16:25:29] ERROR ERROR: duplicate key value violates unique constraint "users_email_key" (SQLSTATE 23505)
[2023-02-27 16:25:29] ERROR error in creating user: user service - repo create - user repo create - insert - user with this username or email already exist
[2023-02-27 16:25:34] DEBUG signup user
[2023-02-27 16:25:34] ERROR ERROR: duplicate key value violates unique constraint "users_username_key" (SQLSTATE 23505)
[2023-02-27 16:25:34] ERROR error in creating user: user service - repo create - user repo create - insert - user with this username or email already exist
[2023-02-27 16:25:35] DEBUG signup user
[2023-02-27 16:25:37] DEBUG signup user
[2023-02-27 16:25:37] ERROR ERROR: duplicate key value violates unique constraint "users_email_key" (SQLSTATE 23505)
[2023-02-27 16:25:37] ERROR error in creating user: user service - repo create - user repo create - insert - user with this username or email already exist
[2023-02-27 16:25:38] DEBUG signup user
[2023-02-27 16:25:38] ERROR ERROR: duplicate key value violates unique constraint "users_email_key" (SQLSTATE 23505)
[2023-02-27 16:25:38] ERROR error in creating user: user service - repo create - user repo create - insert - user with this username or email already exist
[2023-02-27 16:25:39] DEBUG signup user
[2023-02-27 16:25:39] ERROR ERROR: duplicate key value violates unique constraint "users_email_key" (SQLSTATE 23505)
[2023-02-27 16:25:39] ERROR error in creating user: user service - repo create - user repo create - insert - user with this username or email already exist
[2023-02-27 16:25:41] DEBUG signup user
[2023-02-27 16:25:41] ERROR ERROR: duplicate key value violates unique constraint "users_email_key" (SQLSTATE 23505)
[2023-02-27 16:25:41] ERROR error in creating user: user service - repo create - user repo create - insert - user with this username or email already exist
[2023-02-27 16:25:46] DEBUG signup user
[2023-02-27 16:25:48] DEBUG signup user
[2023-02-27 16:25:48] ERROR ERROR: duplicate key value violates unique constraint "users_email_key" (SQLSTATE 23505)
[2023-02-27 16:25:48] ERROR error in creating user: user service - repo create - user repo create - insert - user with this username or email already exist
[2023-02-27 16:25:52] DEBUG signup user
[2023-02-27 16:26:53]  INFO server is started
[2023-02-27 16:26:55] DEBUG signup user
[2023-02-27 16:26:55] ERROR ERROR: duplicate key value violates unique constraint "users_email_key" (SQLSTATE 23505)
[2023-02-27 16:26:55] ERROR error in creating user: user service - repo create - user repo create - insert - user with this username or email already exist
[2023-02-27 16:26:56] DEBUG signup user
[2023-02-27 16:26:56] ERROR ERROR: duplicate key value violates unique constraint "users_email_key" (SQLSTATE 23505)
[2023-02-27 16:26:56] ERROR error in creating user: user service - repo create - user repo create - insert - user with this username or email already exist
[2023-02-27 16:26:58] DEBUG signup user
[2023-02-27 16:27:07] DEBUG signup user
[2023-02-27 16:27:19] DEBUG signin user
[2023-02-27 16:27:19] ERROR error in signin: user password incorrect
[2023-02-27 16:27:22] DEBUG signin user
[2023-02-27 16:27:22] ERROR error in signin: user password incorrect
[2023-02-27 16:27:23] DEBUG signin user
[2023-02-27 16:27:23] ERROR error in signin: user password incorrect
[2023-02-27 16:27:23] DEBUG signin user
[2023-02-27 16:27:23] ERROR error in signin: user password incorrect
[2023-02-27 16:27:23] DEBUG signin user
[2023-02-27 16:27:23] ERROR error in signin: user password incorrect
[2023-02-27 16:27:24] DEBUG signin user
[2023-02-27 16:27:24] ERROR error in signin: user password incorrect
[2023-02-27 16:27:24] DEBUG signin user
[2023-02-27 16:27:24] ERROR error in signin: user password incorrect
[2023-02-27 16:27:25] DEBUG signin user
[2023-02-27 16:27:25] ERROR error in signin: user password incorrect
[2023-02-27 16:27:25] DEBUG signin user
[2023-02-27 16:27:25] ERROR error in signin: user password incorrect
[2023-02-27 16:27:25] DEBUG signin user
[2023-02-27 16:27:25] ERROR error in signin: user password incorrect
[2023-02-27 16:27:26] DEBUG signin user
[2023-02-27 16:27:26] ERROR error in signin: user password incorrect
[2023-02-27 16:27:26] DEBUG signin user
[2023-02-27 16:27:26] ERROR error in signin: user password incorrect
[2023-02-27 16:27:26] DEBUG signin user
[2023-02-27 16:27:26] ERROR error in signin: user password incorrect
[2023-02-27 16:27:27] DEBUG signin user
[2023-02-27 16:27:27] ERROR error in signin: user password incorrect
[2023-02-27 16:27:27] DEBUG signin user
[2023-02-27 16:27:27] ERROR error in signin: user password incorrect
[2023-02-27 16:27:30] DEBUG signin user
[2023-02-27 16:27:30] ERROR error in signin: user password incorrect
[2023-02-27 16:28:09]  INFO server is started
[2023-02-27 16:28:10] DEBUG signin user
[2023-02-27 16:28:11] ERROR error in signin: user password incorrect
[2023-02-27 16:30:00]  INFO server is started
[2023-02-27 16:30:01] DEBUG signin user
[2023-02-27 16:30:01] ERROR error in signin: user password incorrect
[2023-02-27 16:30:03] DEBUG signin user
[2023-02-27 16:30:03] ERROR error in signin: user password incorrect
[2023-02-27 16:30:10] DEBUG signup user
[2023-02-27 16:30:11] ERROR ERROR: duplicate key value violates unique constraint "users_username_key" (SQLSTATE 23505)
[2023-02-27 16:30:11] ERROR error in creating user: user service - repo create - user repo create - insert - user with this username or email already exist
[2023-02-27 16:30:13] DEBUG signup user
[2023-02-27 16:30:13] ERROR ERROR: duplicate key value violates unique constraint "users_username_key" (SQLSTATE 23505)
[2023-02-27 16:30:13] ERROR error in creating user: user service - repo create - user repo create - insert - user with this username or email already exist
[2023-02-27 16:30:14] DEBUG signup user
[2023-02-27 16:30:14] ERROR ERROR: duplicate key value violates unique constraint "users_username_key" (SQLSTATE 23505)
[2023-02-27 16:30:14] ERROR error in creating user: user service - repo create - user repo create - insert - user with this username or email already exist
[2023-02-27 16:30:14] DEBUG signup user
[2023-02-27 16:30:14] ERROR ERROR: duplicate key value violates unique constraint "users_username_key" (SQLSTATE 23505)
[2023-02-27 16:30:14] ERROR error in creating user: user service - repo create - user repo create - insert - user with this username or email already exist
[2023-02-27 16:30:15] DEBUG signup user
[2023-02-27 16:30:15] ERROR ERROR: duplicate key value violates unique constraint "users_username_key" (SQLSTATE 23505)
[2023-02-27 16:30:15] ERROR error in creating user: user service - repo create - user repo create - insert - user with this username or email already exist
[2023-02-27 16:30:15] DEBUG signup user
[2023-02-27 16:30:15] ERROR ERROR: duplicate key value violates unique constraint "users_username_key" (SQLSTATE 23505)
[2023-02-27 16:30:15] ERROR error in creating user: user service - repo create - user repo create - insert - user with this username or email already exist
[2023-02-27 16:30:18] DEBUG signup user
[2023-02-27 16:30:18] ERROR ERROR: duplicate key value violates unique constraint "users_username_key" (SQLSTATE 23505)
[2023-02-27 16:30:18] ERROR error in creating user: user service - repo create - user repo create - insert - user with this username or email already exist
[2023-02-27 16:30:21] DEBUG signup user
[2023-02-27 16:30:22] ERROR ERROR: duplicate key value violates unique constraint "users_username_key" (SQLSTATE 23505)
[2023-02-27 16:30:22] ERROR error in creating user: user service - repo create - user repo create - insert - user with this username or email already exist
[2023-02-27 16:30:22] DEBUG signup user
[2023-02-27 16:30:22] ERROR ERROR: duplicate key value violates unique constraint "users_username_key" (SQLSTATE 23505)
[2023-02-27 16:30:22] ERROR error in creating user: user service - repo create - user repo create - insert - user with this username or email already exist
[2023-02-27 16:30:22] DEBUG signup user
[2023-02-27 16:30:23] ERROR ERROR: duplicate key value violates unique constraint "users_username_key" (SQLSTATE 23505)
[2023-02-27 16:30:23] ERROR error in creating user: user service - repo create - user repo create - insert - user with this username or email already exist
[2023-02-27 16:30:23] DEBUG signup user
[2023-02-27 16:30:23] ERROR ERROR: duplicate key value violates unique constraint "users_username_key" (SQLSTATE 23505)
[2023-02-27 16:30:23] ERROR error in creating user: user service - repo create - user repo create - insert - user with this username or email already exist
[2023-02-27 16:30:23] DEBUG signup user
[2023-02-27 16:30:23] ERROR ERROR: duplicate key value violates unique constraint "users_username_key" (SQLSTATE 23505)
[2023-02-27 16:30:23] ERROR error in creating user: user service - repo create - user repo create - insert - user with this username or email already exist
[2023-02-27 16:30:23] DEBUG signup user
[2023-02-27 16:30:24] ERROR ERROR: duplicate key value violates unique constraint "users_username_key" (SQLSTATE 23505)
[2023-02-27 16:30:24] ERROR error in creating user: user service - repo create - user repo create - insert - user with this username or email already exist
[2023-02-27 16:30:31] DEBUG signup user
[2023-02-27 16:30:35] DEBUG signin user
[2023-02-27 16:30:37] DEBUG signin user
[2023-02-27 16:30:38] DEBUG signin user
[2023-02-27 16:30:38] DEBUG signin user
[2023-02-27 16:30:39] DEBUG signin user
[2023-02-27 16:30:39] DEBUG signin user
[2023-02-27 16:30:39] DEBUG signin user
[2023-02-27 16:30:40] DEBUG signin user
[2023-02-27 16:30:40] DEBUG signin user
[2023-02-27 16:30:45]  INFO server is started
[2023-02-27 16:30:46] DEBUG signin user
[2023-02-27 16:30:47] DEBUG signin user
[2023-02-27 16:30:48] DEBUG signin user
[2023-02-27 16:30:48] DEBUG signin user
[2023-02-27 16:30:49] DEBUG signin user
[2023-02-27 16:30:49] DEBUG signin user
[2023-02-27 16:31:13] DEBUG update user credentials
[2023-02-27 16:31:13] ERROR error in updating user: user service - update user - get by id - user repo - get by ID - select - user not found
[2023-02-27 16:31:20] DEBUG update user credentials
[2023-02-27 16:31:20] ERROR error in updating user: user service - update user - get by id - sql: transaction has already been committed or rolled back
[2023-02-27 16:31:22] DEBUG update user credentials
[2023-02-27 16:31:22] ERROR error in updating user: user service - update user - get by id - sql: transaction has already been committed or rolled back
[2023-02-27 16:31:23] DEBUG update user credentials
[2023-02-27 16:31:23] ERROR error in updating user: user service - update user - get by id - sql: transaction has already been committed or rolled back
[2023-02-27 16:31:38] DEBUG signin user
[2023-02-27 16:31:39] DEBUG signin user
[2023-02-27 16:31:40] DEBUG signin user
[2023-02-27 16:31:41] DEBUG signin user
[2023-02-27 16:31:41] DEBUG signin user
[2023-02-27 16:31:42] DEBUG signin user
[2023-02-27 16:31:48] DEBUG signin user
[2023-02-27 16:31:48] DEBUG signin user
[2023-02-27 16:31:49] DEBUG signin user
[2023-02-27 16:31:50] DEBUG signin user
[2023-02-27 16:31:50] DEBUG signin user
[2023-02-27 16:31:53] DEBUG signin user
[2023-02-27 16:31:53] DEBUG signin user
[2023-02-27 16:32:10]  INFO server is started
[2023-02-27 16:32:11] DEBUG signin user
[2023-02-27 16:32:12] DEBUG signin user
[2023-02-27 16:32:13] DEBUG signin user
[2023-02-27 16:32:15] DEBUG signin user
[2023-02-27 16:32:16] DEBUG signin user
[2023-02-27 16:32:17] DEBUG signin user
[2023-02-27 16:32:18] DEBUG signin user
[2023-02-27 16:32:18] DEBUG signin user
[2023-02-27 16:32:31] DEBUG valivate user access token
[2023-02-27 16:32:31] ERROR error in parse user token: token contains an invalid number of segments
[2023-02-27 16:32:32] DEBUG valivate user access token
[2023-02-27 16:32:33] DEBUG valivate user access token
[2023-02-27 16:32:34] DEBUG valivate user access token
[2023-02-27 16:32:34] DEBUG valivate user access token
[2023-02-27 16:32:35] DEBUG valivate user access token
[2023-02-27 16:32:35] DEBUG valivate user access token
[2023-02-27 16:32:53] DEBUG signin user
[2023-02-27 16:32:53] ERROR error in signin: user password incorrect
[2023-02-27 16:32:56] DEBUG signin user
[2023-02-27 16:32:56] ERROR error in signin: user password incorrect
[2023-02-27 16:33:00] DEBUG signin user
[2023-02-27 16:33:00] ERROR error in signin: user service - user repo get - select - user not found
[2023-02-27 16:33:01] DEBUG signin user
[2023-02-27 16:33:01] ERROR error in signin: user service - user repo get - select - user not found
[2023-02-27 16:33:22] DEBUG update user credentials
[2023-02-27 16:33:22] ERROR error in updating user: user service - update user - get by id - sql: transaction has already been committed or rolled back
[2023-02-27 16:33:25] DEBUG update user credentials
[2023-02-27 16:33:25] ERROR error in updating user: user service - update user - get by id - sql: transaction has already been committed or rolled back
[2023-02-27 16:33:26] DEBUG update user credentials
[2023-02-27 16:33:26] ERROR error in updating user: user service - update user - get by id - sql: transaction has already been committed or rolled back
[2023-02-27 16:33:40]  INFO server is started
[2023-02-27 16:33:41] DEBUG update user credentials
[2023-02-27 16:33:55]  INFO server is started
[2023-02-27 16:33:56] DEBUG update user credentials
[2023-02-27 16:33:57] ERROR error in updating user: user service - update user - check password - user password incorrect
[2023-02-27 16:33:58] DEBUG update user credentials
[2023-02-27 16:33:58] ERROR error in updating user: user service - update user - check password - user password incorrect
[2023-02-27 16:33:59] DEBUG update user credentials
[2023-02-27 16:33:59] ERROR error in updating user: user service - update user - check password - user password incorrect
[2023-02-27 16:34:05] DEBUG update user credentials
[2023-02-27 16:34:53] DEBUG signin user
[2023-02-27 16:35:13] DEBUG valivate user access token
[2023-02-27 16:35:13] ERROR error in parse user token: token contains an invalid number of segments
[2023-02-27 16:35:14] DEBUG valivate user access token
[2023-02-27 16:35:16] DEBUG valivate user access token
[2023-02-27 16:35:17] DEBUG valivate user access token
[2023-02-27 16:35:17] DEBUG valivate user access token
[2023-02-27 16:35:18] DEBUG valivate user access token
[2023-02-27 16:35:19] DEBUG valivate user access token
[2023-02-27 16:35:19] DEBUG valivate user access token
[2023-02-27 16:35:20] DEBUG valivate user access token
[2023-02-27 16:35:33] DEBUG signin user
[2023-02-27 16:35:34] ERROR error in signin: user password incorrect
[2023-02-27 16:35:35] DEBUG signin user
[2023-02-27 16:35:35] ERROR error in signin: user password incorrect
[2023-02-27 16:35:36] DEBUG signin user
[2023-02-27 16:35:36] ERROR error in signin: user password incorrect
[2023-02-27 16:35:36] DEBUG signin user
[2023-02-27 16:35:36] ERROR error in signin: user password incorrect
[2023-02-27 16:35:37] DEBUG signin user
[2023-02-27 16:35:37] ERROR error in signin: user password incorrect
[2023-02-27 16:35:37] DEBUG signin user
[2023-02-27 16:35:37] ERROR error in signin: user password incorrect
[2023-02-27 16:35:38] DEBUG signin user
[2023-02-27 16:35:38] ERROR error in signin: user password incorrect
[2023-02-27 16:35:59] DEBUG signup user
[2023-02-27 16:36:00] DEBUG signup user
[2023-02-27 16:36:00] ERROR ERROR: duplicate key value violates unique constraint "users_email_key" (SQLSTATE 23505)
[2023-02-27 16:36:00] ERROR error in creating user: user service - repo create - user repo create - insert - user with this username or email already exist
[2023-02-27 16:36:01] DEBUG signup user
[2023-02-27 16:36:01] ERROR ERROR: duplicate key value violates unique constraint "users_email_key" (SQLSTATE 23505)
[2023-02-27 16:36:01] ERROR error in creating user: user service - repo create - user repo create - insert - user with this username or email already exist
[2023-02-27 16:36:04] DEBUG signin user
[2023-02-27 16:36:16] DEBUG valivate user access token
[2023-02-27 16:36:16] ERROR error in parse user token: token contains an invalid number of segments
[2023-02-27 16:36:17] DEBUG valivate user access token
[2023-02-27 16:36:18] DEBUG valivate user access token
[2023-02-27 16:36:49] DEBUG update user credentials
[2023-02-27 16:37:08] DEBUG signin user
[2023-02-27 16:37:08] ERROR error in signin: user password incorrect
[2023-02-27 16:37:09] DEBUG signin user
[2023-02-27 16:37:09] ERROR error in signin: user password incorrect
[2023-02-27 16:37:10] DEBUG signin user
[2023-02-27 16:37:11] DEBUG signin user
[2023-02-27 16:37:22] DEBUG valivate user access token
[2023-02-27 16:37:22] ERROR error in parse user token: token contains an invalid number of segments
[2023-02-27 16:37:23] DEBUG valivate user access token
[2023-02-27 17:46:11]  INFO server is started
[2023-02-27 17:46:15] DEBUG signup user
[2023-02-27 17:46:26]  INFO server is started
[2023-02-27 17:46:27] DEBUG signup user
[2023-02-27 17:46:28] DEBUG signup user
[2023-02-27 17:46:29] DEBUG signup user
[2023-02-27 17:46:30] DEBUG signup user
[2023-02-27 17:46:35] DEBUG signup user
[2023-02-27 17:46:36] DEBUG signup user
[2023-02-27 17:46:38] DEBUG signup user
[2023-02-27 17:46:40] DEBUG signup user
[2023-02-27 17:46:41] DEBUG signup user
[2023-02-27 17:46:41] DEBUG signup user
[2023-02-27 17:47:51]  INFO server is started
[2023-02-27 17:47:52] DEBUG signup user
[2023-02-27 17:47:54] DEBUG signup user
[2023-02-27 17:47:54] DEBUG signup user
[2023-02-27 17:48:02] DEBUG signup user
[2023-02-27 17:48:02] DEBUG signup user
[2023-02-27 17:48:07] DEBUG signup user
[2023-02-27 17:48:07] DEBUG signup user
[2023-02-27 17:48:09] DEBUG signup user
[2023-02-27 17:48:09] ERROR ERROR: duplicate key value violates unique constraint "users_email_key" (SQLSTATE 23505)
[2023-02-27 17:48:09] ERROR error in creating user: user service - repo create - user repo create - insert - user with this username or email already exist
[2023-02-27 17:48:10] DEBUG signup user
[2023-02-27 17:48:10] ERROR ERROR: duplicate key value violates unique constraint "users_email_key" (SQLSTATE 23505)
[2023-02-27 17:48:10] ERROR error in creating user: user service - repo create - user repo create - insert - user with this username or email already exist
[2023-02-27 17:48:10] DEBUG signup user
[2023-02-27 17:48:10] ERROR ERROR: duplicate key value violates unique constraint "users_email_key" (SQLSTATE 23505)
[2023-02-27 17:48:10] ERROR error in creating user: user service - repo create - user repo create - insert - user with this username or email already exist
[2023-02-28 11:07:02] FATAL ping db error: dial tcp 127.0.0.1:5432: connect: connection refused
[2023-02-28 11:08:15]  INFO server is started
[2023-02-28 11:08:25] DEBUG signin user
[2023-02-28 11:08:29] DEBUG signin user
[2023-02-28 11:08:29] ERROR error in signin: user password incorrect
[2023-02-28 11:09:43] DEBUG signin user
[2023-02-28 11:09:43] ERROR error in signin: user password incorrect
[2023-02-28 11:09:43] DEBUG signin user
[2023-02-28 11:09:43] ERROR error in signin: user password incorrect
[2023-02-28 11:09:44] DEBUG signin user
[2023-02-28 11:09:44] ERROR error in signin: user password incorrect
[2023-02-28 11:09:45] DEBUG signin user
[2023-02-28 11:09:45] ERROR error in signin: user password incorrect
[2023-02-28 11:09:46] DEBUG signin user
[2023-02-28 11:09:46] ERROR error in signin: user password incorrect
[2023-02-28 11:09:46] DEBUG signin user
[2023-02-28 11:09:46] ERROR error in signin: user password incorrect
[2023-02-28 11:09:47] DEBUG signin user
[2023-02-28 11:09:47] ERROR error in signin: user password incorrect
[2023-02-28 11:09:48] DEBUG signin user
[2023-02-28 11:09:48] ERROR error in signin: user password incorrect
[2023-02-28 11:10:20] DEBUG signin user
[2023-02-28 11:10:20] ERROR error in signin: user password incorrect
[2023-02-28 11:10:24] DEBUG signin user
[2023-02-28 11:10:24] ERROR error in signin: user service - user repo get - select - user not found
[2023-02-28 11:10:25] DEBUG signin user
[2023-02-28 11:10:25] ERROR error in signin: user service - user repo get - select - user not found
[2023-02-28 11:10:27] DEBUG signin user
[2023-02-28 11:10:27] ERROR error in signin: user service - user repo get - select - user not found
[2023-02-28 12:47:34]  INFO server is started
[2023-02-28 12:47:42] DEBUG signin user
[2023-02-28 12:47:42] ERROR error in signin: user service - user repo get - select - user not found
[2023-02-28 12:47:47] DEBUG signin user
[2023-02-28 12:47:47] ERROR error in signin: user service - user repo get - select - user not found
[2023-02-28 12:47:48] DEBUG signin user
[2023-02-28 12:47:48] ERROR error in signin: user service - user repo get - select - user not found
[2023-02-28 12:47:49] DEBUG signin user
[2023-02-28 12:47:49] ERROR error in signin: user service - user repo get - select - user not found
[2023-02-28 12:47:50] DEBUG signin user
[2023-02-28 12:47:50] ERROR error in signin: user service - user repo get - select - user not found
[2023-02-28 12:47:53] DEBUG signin user
[2023-02-28 12:47:53] ERROR error in signin: user password incorrect
[2023-02-28 12:47:54] DEBUG signin user
[2023-02-28 12:47:54] ERROR error in signin: user password incorrect
[2023-02-28 12:47:57] DEBUG signin user
[2023-02-28 12:48:07] DEBUG refresh access and refresh tokens
[2023-02-28 12:48:08] DEBUG refresh access and refresh tokens
[2023-02-28 12:48:09] DEBUG refresh access and refresh tokens
[2023-02-28 12:48:10] DEBUG refresh access and refresh tokens
[2023-02-28 12:48:12] DEBUG refresh access and refresh tokens
[2023-02-28 12:48:12] ERROR error in refreshing tokens: user service - refresh tokens - invalid character '' in string escape code
[2023-02-28 12:48:20] DEBUG refresh access and refresh tokens
[2023-02-28 13:37:56]  INFO server is started
[2023-02-28 15:51:39]  INFO server is started
[2023-02-28 15:58:40]  INFO server is started
[2023-02-28 15:58:47] DEBUG refresh access and refresh tokens
[2023-02-28 15:58:48] DEBUG refresh access and refresh tokens
[2023-02-28 15:58:48] DEBUG refresh access and refresh tokens
[2023-02-28 15:58:49] DEBUG refresh access and refresh tokens
[2023-02-28 15:58:49] DEBUG refresh access and refresh tokens
[2023-02-28 15:58:49] DEBUG refresh access and refresh tokens
[2023-02-28 15:58:50] DEBUG refresh access and refresh tokens
[2023-02-28 15:58:50] DEBUG refresh access and refresh tokens
[2023-02-28 15:58:50] DEBUG refresh access and refresh tokens
[2023-02-28 15:58:51] DEBUG refresh access and refresh tokens
[2023-02-28 15:58:51] DEBUG refresh access and refresh tokens
[2023-02-28 15:58:55] DEBUG signup user
[2023-02-28 15:59:00] DEBUG signup user
[2023-02-28 15:59:05] DEBUG signup user
[2023-02-28 15:59:07] DEBUG signup user
[2023-02-28 15:59:12] DEBUG signup user
[2023-02-28 15:59:15] DEBUG signup user
[2023-02-28 15:59:16] DEBUG signup user
[2023-02-28 15:59:17] DEBUG signup user
[2023-02-28 15:59:17] ERROR ERROR: duplicate key value violates unique constraint "users_email_key" (SQLSTATE 23505)
[2023-02-28 15:59:17] ERROR error in creating user: user service - repo create - user repo create - insert - user with this username or email already exists
[2023-02-28 15:59:18] DEBUG signup user
[2023-02-28 15:59:18] ERROR ERROR: duplicate key value violates unique constraint "users_email_key" (SQLSTATE 23505)
[2023-02-28 15:59:18] ERROR error in creating user: user service - repo create - user repo create - insert - user with this username or email already exists
[2023-02-28 15:59:18] DEBUG signup user
[2023-02-28 15:59:19] ERROR ERROR: duplicate key value violates unique constraint "users_email_key" (SQLSTATE 23505)
[2023-02-28 15:59:19] ERROR error in creating user: user service - repo create - user repo create - insert - user with this username or email already exists
[2023-02-28 15:59:19] DEBUG signup user
[2023-02-28 15:59:19] ERROR ERROR: duplicate key value violates unique constraint "users_email_key" (SQLSTATE 23505)
[2023-02-28 15:59:19] ERROR error in creating user: user service - repo create - user repo create - insert - user with this username or email already exists
[2023-02-28 15:59:19] DEBUG signup user
[2023-02-28 15:59:19] ERROR ERROR: duplicate key value violates unique constraint "users_email_key" (SQLSTATE 23505)
[2023-02-28 15:59:19] ERROR error in creating user: user service - repo create - user repo create - insert - user with this username or email already exists
[2023-02-28 15:59:20] DEBUG signup user
[2023-02-28 15:59:20] ERROR ERROR: duplicate key value violates unique constraint "users_email_key" (SQLSTATE 23505)
[2023-02-28 15:59:20] ERROR error in creating user: user service - repo create - user repo create - insert - user with this username or email already exists
[2023-02-28 15:59:20] DEBUG signup user
[2023-02-28 15:59:20] ERROR ERROR: duplicate key value violates unique constraint "users_email_key" (SQLSTATE 23505)
[2023-02-28 15:59:20] ERROR error in creating user: user service - repo create - user repo create - insert - user with this username or email already exists
[2023-02-28 15:59:20] DEBUG signup user
[2023-02-28 15:59:20] ERROR ERROR: duplicate key value violates unique constraint "users_email_key" (SQLSTATE 23505)
[2023-02-28 15:59:20] ERROR error in creating user: user service - repo create - user repo create - insert - user with this username or email already exists
[2023-02-28 15:59:21] DEBUG signup user
[2023-02-28 15:59:21] ERROR ERROR: duplicate key value violates unique constraint "users_email_key" (SQLSTATE 23505)
[2023-02-28 15:59:21] ERROR error in creating user: user service - repo create - user repo create - insert - user with this username or email already exists
[2023-02-28 15:59:21] DEBUG signup user
[2023-02-28 15:59:21] ERROR ERROR: duplicate key value violates unique constraint "users_email_key" (SQLSTATE 23505)
[2023-02-28 15:59:21] ERROR error in creating user: user service - repo create - user repo create - insert - user with this username or email already exists
[2023-02-28 15:59:22] DEBUG signup user
[2023-02-28 15:59:22] ERROR ERROR: duplicate key value violates unique constraint "users_email_key" (SQLSTATE 23505)
[2023-02-28 15:59:22] ERROR error in creating user: user service - repo create - user repo create - insert - user with this username or email already exists
[2023-02-28 15:59:22] DEBUG signup user
[2023-02-28 15:59:22] ERROR ERROR: duplicate key value violates unique constraint "users_email_key" (SQLSTATE 23505)
[2023-02-28 15:59:22] ERROR error in creating user: user service - repo create - user repo create - insert - user with this username or email already exists
[2023-02-28 15:59:22] DEBUG signup user
[2023-02-28 15:59:22] ERROR ERROR: duplicate key value violates unique constraint "users_email_key" (SQLSTATE 23505)
[2023-02-28 15:59:22] ERROR error in creating user: user service - repo create - user repo create - insert - user with this username or email already exists
[2023-02-28 15:59:22] DEBUG signup user
[2023-02-28 15:59:22] ERROR ERROR: duplicate key value violates unique constraint "users_email_key" (SQLSTATE 23505)
[2023-02-28 15:59:22] ERROR error in creating user: user service - repo create - user repo create - insert - user with this username or email already exists
[2023-02-28 15:59:23] DEBUG signup user
[2023-02-28 15:59:23] ERROR ERROR: duplicate key value violates unique constraint "users_email_key" (SQLSTATE 23505)
[2023-02-28 15:59:23] ERROR error in creating user: user service - repo create - user repo create - insert - user with this username or email already exists
[2023-03-01 13:30:49]  INFO server is started
[2023-03-01 15:26:12]  INFO server is started
[2023-03-01 15:26:13]  INFO server is stoped
[2023-03-01 21:10:43]  INFO server is started
[2023-03-01 21:23:00] DEBUG signup user
[2023-03-01 21:27:45] DEBUG signup user
[2023-03-01 21:27:46] DEBUG signup user
[2023-03-01 21:35:43] DEBUG signup user
[2023-03-01 21:35:44] DEBUG signup user
[2023-03-01 22:18:59]  INFO server is stoped
[2023-03-01 22:23:01]  INFO server is started
[2023-03-01 22:23:54] DEBUG signup user
[2023-03-01 22:23:55] DEBUG signup user
[2023-03-01 22:25:29] DEBUG signup user
[2023-03-01 22:25:30] DEBUG signup user
[2023-03-01 22:25:43] DEBUG signup user
[2023-03-01 22:25:54] DEBUG signup user
[2023-03-01 22:25:56] DEBUG signup user
[2023-03-01 22:32:32] DEBUG signup user
[2023-03-01 22:32:33] DEBUG signup user
[2023-03-01 22:32:33] DEBUG signup user
[2023-03-01 22:34:24]  INFO server is stoped
[2023-03-01 22:34:25]  INFO server is started
[2023-03-01 22:34:26] DEBUG signup user
[2023-03-01 22:34:27] DEBUG signup user
[2023-03-01 22:34:34]  INFO server is stoped
[2023-03-01 22:34:35]  INFO server is started
[2023-03-01 22:34:35] DEBUG signup user
[2023-03-01 22:34:36] DEBUG signup user
[2023-03-01 22:34:36] DEBUG signup user
[2023-03-01 22:34:38]  INFO server is stoped
[2023-03-01 22:35:20]  INFO server is started
[2023-03-01 22:35:21] DEBUG signup user
[2023-03-01 22:35:22] DEBUG signup user
[2023-03-01 22:36:19]  INFO server is stoped
[2023-03-02 12:37:14] FATAL ping db error: dial tcp 127.0.0.1:5432: connect: connection refused
[2023-03-02 12:38:25]  INFO server is started
[2023-03-02 12:38:42] DEBUG signin user
[2023-03-02 12:38:45] DEBUG signin user
[2023-03-02 12:38:45] ERROR error in signin: user service - user repo get - select - user not found
[2023-03-02 12:38:56] DEBUG signin user
[2023-03-02 12:38:56] ERROR error in signin: user service - user repo get - select - user not found
[2023-03-02 12:38:56] DEBUG signin user
[2023-03-02 12:38:56] ERROR error in signin: user service - user repo get - select - user not found
[2023-03-02 12:38:57] DEBUG signin user
[2023-03-02 12:38:57] ERROR error in signin: user service - user repo get - select - user not found
[2023-03-02 12:38:58] DEBUG signin user
[2023-03-02 12:38:58] ERROR error in signin: user service - user repo get - select - user not found
[2023-03-02 12:38:58] DEBUG signin user
[2023-03-02 12:38:58] ERROR error in signin: user service - user repo get - select - user not found
[2023-03-02 12:38:58] DEBUG signin user
[2023-03-02 12:38:58] ERROR error in signin: user service - user repo get - select - user not found
[2023-03-02 12:38:59] DEBUG signin user
[2023-03-02 12:38:59] ERROR error in signin: user service - user repo get - select - user not found
[2023-03-02 12:39:01] DEBUG signin user
[2023-03-02 12:39:01] ERROR error in signin: user service - user repo get - select - user not found
[2023-03-02 12:39:02] DEBUG signin user
[2023-03-02 12:39:02] ERROR error in signin: user service - user repo get - select - user not found
[2023-03-02 12:39:02] DEBUG signin user
[2023-03-02 12:39:02] ERROR error in signin: user service - user repo get - select - user not found
[2023-03-02 12:39:03] DEBUG signin user
[2023-03-02 12:39:03] ERROR error in signin: user service - user repo get - select - user not found
[2023-03-02 12:39:03] DEBUG signin user
[2023-03-02 12:39:03] ERROR error in signin: user service - user repo get - select - user not found
[2023-03-02 12:39:05] DEBUG signin user
[2023-03-02 12:39:05] ERROR error in signin: user service - user repo get - select - user not found
[2023-03-02 12:39:10] DEBUG signin user
[2023-03-02 12:39:10] ERROR error in signin: user service - user repo get - select - user not found
[2023-03-02 12:39:11] DEBUG signin user
[2023-03-02 12:39:11] ERROR error in signin: user service - user repo get - select - user not found
[2023-03-02 12:39:11] DEBUG signin user
[2023-03-02 12:39:11] ERROR error in signin: user service - user repo get - select - user not found
[2023-03-02 12:39:11] DEBUG signin user
[2023-03-02 12:39:11] ERROR error in signin: user service - user repo get - select - user not found
[2023-03-02 12:40:50]  INFO server is stoped
[2023-03-02 12:40:51]  INFO server is started
[2023-03-02 12:40:55] DEBUG signin user
[2023-03-02 12:40:55] ERROR error in signin: user service - user repo get - select - user not found
[2023-03-02 12:40:56] DEBUG signin user
[2023-03-02 12:40:56] ERROR error in signin: user service - user repo get - select - user not found
[2023-03-02 12:40:57] DEBUG signin user
[2023-03-02 12:40:57] ERROR error in signin: user service - user repo get - select - user not found
[2023-03-02 12:41:23]  INFO server is stoped
[2023-03-02 12:41:24]  INFO server is started
[2023-03-02 12:41:25] DEBUG signin user
[2023-03-02 12:41:25] ERROR error in signin: user service - user repo get - select - user not found
[2023-03-02 12:41:26] DEBUG signin user
[2023-03-02 12:41:26] ERROR error in signin: user service - user repo get - select - user not found
[2023-03-02 12:41:26] DEBUG signin user
[2023-03-02 12:41:26] ERROR error in signin: user service - user repo get - select - user not found
[2023-03-02 12:41:27] DEBUG signin user
[2023-03-02 12:41:27] ERROR error in signin: user service - user repo get - select - user not found
[2023-03-02 12:41:28] DEBUG signin user
[2023-03-02 12:41:28] ERROR error in signin: user service - user repo get - select - user not found
[2023-03-02 12:41:35] DEBUG signin user
[2023-03-02 12:41:35] ERROR error in signin: user service - user repo get - select - user not found
[2023-03-02 12:41:36] DEBUG signin user
[2023-03-02 12:41:36] ERROR error in signin: user service - user repo get - select - user not found
[2023-03-02 12:41:52] DEBUG signup user
[2023-03-02 12:41:53] DEBUG signup user
[2023-03-02 12:41:54] DEBUG signup user
[2023-03-02 12:41:54] DEBUG signup user
[2023-03-02 12:41:54] DEBUG signup user
[2023-03-02 12:41:55] DEBUG signup user
[2023-03-02 12:41:55] DEBUG signup user
[2023-03-02 12:41:55] DEBUG signup user
[2023-03-02 12:41:55] DEBUG signup user
[2023-03-02 12:43:36] DEBUG signup user
[2023-03-02 12:45:30] DEBUG signup user
[2023-03-02 12:45:36] DEBUG signup user
[2023-03-02 12:45:37] DEBUG signup user
[2023-03-02 12:45:38] DEBUG signup user
[2023-03-02 12:45:38] DEBUG signup user
[2023-03-02 12:45:45] DEBUG signup user
[2023-03-02 12:45:48] DEBUG signup user
[2023-03-02 12:45:49] DEBUG signup user
[2023-03-02 12:45:49] DEBUG signup user
[2023-03-02 12:45:50] DEBUG signup user
[2023-03-02 12:48:15] DEBUG signup user
[2023-03-02 12:48:35] DEBUG signup user
[2023-03-02 12:49:26] DEBUG signup user
[2023-03-02 12:49:28] DEBUG signup user
[2023-03-02 12:49:33] DEBUG signup user
[2023-03-02 12:49:35] DEBUG signup user
[2023-03-02 12:51:49]  INFO server is stoped
[2023-03-02 12:51:50]  INFO server is started
[2023-03-02 12:51:53] DEBUG signup user
[2023-03-02 12:51:53] DEBUG signup user
[2023-03-02 12:51:54] DEBUG signup user
[2023-03-02 13:01:39]  INFO server is stoped
[2023-03-02 13:01:42]  INFO server is started
[2023-03-02 13:09:25]  INFO server is stoped
[2023-03-02 13:12:42]  INFO server is started
[2023-03-02 13:12:44] DEBUG signup user
[2023-03-02 13:12:45] DEBUG signup user
[2023-03-02 13:13:13]  INFO server is stoped
[2023-03-02 13:13:14]  INFO server is started
[2023-03-02 13:13:16] DEBUG signup user
[2023-03-02 13:13:16] DEBUG signup user
[2023-03-02 13:13:20]  INFO server is stoped
[2023-03-02 13:15:39]  INFO server is started
[2023-03-02 13:15:43] DEBUG signup user
[2023-03-02 13:15:43] DEBUG signup user
[2023-03-02 13:15:45] DEBUG signup user
[2023-03-02 13:15:46] DEBUG signup user
[2023-03-02 13:15:48] DEBUG signup user
[2023-03-02 13:17:09] DEBUG signup user
[2023-03-02 13:18:16] DEBUG signup user
[2023-03-02 13:22:24]  INFO server is stoped
[2023-03-02 13:22:25]  INFO server is started
[2023-03-02 13:22:28] DEBUG signup user
[2023-03-02 13:22:31] DEBUG signup user
[2023-03-02 13:25:43] DEBUG signup user
[2023-03-02 13:29:10]  INFO server is stoped
[2023-03-02 13:29:11]  INFO server is started
[2023-03-02 13:29:21] DEBUG signup user
[2023-03-02 13:29:26] DEBUG signup user
[2023-03-02 13:29:28] DEBUG signup user
[2023-03-02 13:29:30] DEBUG signup user
[2023-03-02 13:29:38] DEBUG signup user
[2023-03-02 13:29:52] DEBUG signup user
[2023-03-02 13:29:59] DEBUG signin user
[2023-03-02 13:30:00] DEBUG signin user
[2023-03-02 13:30:01] DEBUG signin user
[2023-03-02 13:30:01] DEBUG signin user
[2023-03-02 13:30:01] DEBUG signin user
[2023-03-02 13:30:03] DEBUG signin user
[2023-03-02 13:30:04] DEBUG signin user
[2023-03-02 13:30:04] ERROR error in signin: user service - user repo get - select - user not found
[2023-03-02 13:30:06] DEBUG signin user
[2023-03-02 13:30:49] DEBUG signup user
[2023-03-02 13:30:49] ERROR conn is dead
[2023-03-02 13:30:49] ERROR error in creating user: user service - repo create - user repo create - start tx - conn is dead
[2023-03-02 13:31:00] DEBUG signup user
[2023-03-02 13:31:00] ERROR ERROR: duplicate key value violates unique constraint "users_email_key" (SQLSTATE 23505)
[2023-03-02 13:31:00] ERROR error in creating user: user service - repo create - user repo create - insert - user with this username or email already exists
[2023-03-02 13:36:04]  INFO server is stoped
[2023-03-02 13:36:05]  INFO server is started
[2023-03-02 13:36:10] DEBUG signup user
[2023-03-02 13:38:17]  INFO server is stoped
[2023-03-02 13:38:18]  INFO server is started
[2023-03-02 13:38:21] DEBUG signup user
[2023-03-02 13:38:23] DEBUG signup user
[2023-03-02 13:38:27] DEBUG signup user
[2023-03-02 13:38:58]  INFO server is stoped
[2023-03-02 13:38:59]  INFO server is started
[2023-03-02 13:39:01] DEBUG signup user
[2023-03-02 13:39:03] DEBUG signup user
[2023-03-02 13:39:04] DEBUG signup user
[2023-03-02 13:39:11] DEBUG signup user
[2023-03-02 13:39:23] DEBUG signup user
[2023-03-02 13:39:24] DEBUG signup user
[2023-03-02 13:39:41] DEBUG signup user
[2023-03-02 13:40:33] DEBUG signup user
[2023-03-02 13:46:55]  INFO server is stoped
[2023-03-02 13:46:56]  INFO server is started
[2023-03-02 13:47:01] DEBUG signup user
[2023-03-02 13:47:01] ERROR ERROR: duplicate key value violates unique constraint "users_email_key" (SQLSTATE 23505)
[2023-03-02 13:47:01] ERROR error in creating user: user service - repo create - user repo create - insert - user with this username or email already exists
[2023-03-02 13:47:12]  INFO server is stoped
[2023-03-02 14:24:36]  INFO server is started
[2023-03-02 14:24:44] DEBUG signin user
[2023-03-02 14:24:45] DEBUG signin user
[2023-03-02 14:24:45] DEBUG signin user
[2023-03-02 14:24:50] DEBUG signin user
[2023-03-02 14:24:50] ERROR error in signin: user password incorrect
[2023-03-02 14:24:53] DEBUG signin user
[2023-03-02 14:25:01]  INFO server is stoped
[2023-03-02 14:25:02]  INFO server is started
[2023-03-02 14:25:05] DEBUG signin user
[2023-03-02 14:25:06] DEBUG signin user
[2023-03-02 14:25:07] DEBUG signin user
[2023-03-02 14:25:10]  INFO server is stoped
[2023-03-02 14:25:11]  INFO server is started
[2023-03-02 14:25:13] DEBUG signin user
[2023-03-02 14:25:14] DEBUG signin user
[2023-03-02 14:25:15] DEBUG signin user
[2023-03-02 14:25:22] DEBUG signin user
[2023-03-02 14:25:24] DEBUG signin user
[2023-03-02 14:25:25] DEBUG signin user
[2023-03-02 14:28:15] DEBUG signin user
[2023-03-02 14:28:15] ERROR error in signin: user service - user repo get - select - user not found
[2023-03-02 14:28:26] DEBUG signin user
[2023-03-02 14:28:26] ERROR error in signin: user service - user repo get - select - user not found
[2023-03-02 14:28:29] DEBUG signin user
[2023-03-02 14:28:30] DEBUG signin user
[2023-03-02 14:28:31] DEBUG signin user
[2023-03-02 15:57:15] DEBUG signin user
[2023-03-02 15:57:15] ERROR error in signin: user service - user repo get - select - user not found
[2023-03-02 15:57:16] DEBUG signin user
[2023-03-02 15:57:16] ERROR error in signin: user service - user repo get - select - user not found
[2023-03-02 15:57:22] DEBUG signin user
[2023-03-02 15:57:56] DEBUG get user info by access token
[2023-03-02 15:57:57] DEBUG get user info by access token
[2023-03-02 15:58:02] DEBUG get user info by access token
[2023-03-02 15:58:02] ERROR error in parse user token: invalid character '\b' in string escape code
[2023-03-02 15:58:04] DEBUG get user info by access token
[2023-03-02 15:58:13] DEBUG get user info by access token
[2023-03-02 15:58:13] ERROR error in parse user token: token type incorrect
[2023-03-02 15:58:18] DEBUG get user info by access token
[2023-03-02 15:58:18] ERROR error in parse user token: token type incorrect
[2023-03-02 16:25:38] DEBUG get user info by access token
[2023-03-02 16:25:38] ERROR error in parse user token: token type incorrect
[2023-03-02 16:25:40] DEBUG get user info by access token
[2023-03-02 16:25:40] ERROR error in parse user token: token type incorrect
[2023-03-02 16:25:42] DEBUG get user info by access token
[2023-03-02 16:25:48] DEBUG get user by id
[2023-03-02 16:25:50] DEBUG get user by id
[2023-03-02 16:25:50] ERROR error in get user by id: user repo - get by ID - select - user not found
[2023-03-02 16:25:52] DEBUG get user by id
[2023-03-02 16:25:52] ERROR error in get user by id: user repo - get by ID - select - user not found
[2023-03-02 16:25:55] DEBUG get user by id
[2023-03-02 16:25:56] DEBUG get user by id
[2023-03-02 16:25:56] ERROR error in get user by id: user repo - get by ID - select - user not found
[2023-03-02 16:25:57] DEBUG get user by id
[2023-03-02 16:25:57] ERROR error in get user by id: user repo - get by ID - select - user not found
[2023-03-02 16:25:59] DEBUG get user by id
[2023-03-02 16:25:59] ERROR error in get user by id: user repo - get by ID - select - user not found
[2023-03-02 16:26:01] DEBUG get user by id
[2023-03-02 16:26:01] ERROR error in get user by id: user repo - get by ID - select - user not found
[2023-03-02 16:26:02] DEBUG get user by id
[2023-03-02 16:26:04] DEBUG get user by id
[2023-03-02 16:26:04] ERROR error in get user by id: user repo - get by ID - select - user not found
[2023-03-02 16:26:06] DEBUG get user by id
[2023-03-02 16:26:06] ERROR error in get user by id: user repo - get by ID - select - user not found
[2023-03-02 16:26:07] DEBUG get user by id
[2023-03-02 16:26:07] ERROR error in get user by id: user repo - get by ID - select - user not found
[2023-03-02 16:26:50] DEBUG get user by id
[2023-03-02 16:26:56] DEBUG get user by id
[2023-03-02 16:26:56] DEBUG get user by id
[2023-03-02 16:27:28] DEBUG signup user
[2023-03-02 16:27:28] ERROR ERROR: duplicate key value violates unique constraint "users_email_key" (SQLSTATE 23505)
[2023-03-02 16:27:28] ERROR error in creating user: user service - repo create - user repo create - insert - user with this username or email already exists
[2023-03-02 16:27:34] DEBUG signup user
[2023-03-02 16:27:34] ERROR ERROR: duplicate key value violates unique constraint "users_username_key" (SQLSTATE 23505)
[2023-03-02 16:27:34] ERROR error in creating user: user service - repo create - user repo create - insert - user with this username or email already exists
[2023-03-02 16:27:36] DEBUG signup user
[2023-03-02 16:27:36] ERROR ERROR: duplicate key value violates unique constraint "users_username_key" (SQLSTATE 23505)
[2023-03-02 16:27:36] ERROR error in creating user: user service - repo create - user repo create - insert - user with this username or email already exists
[2023-03-02 16:27:37] DEBUG signup user
[2023-03-02 16:27:37] ERROR ERROR: duplicate key value violates unique constraint "users_username_key" (SQLSTATE 23505)
[2023-03-02 16:27:37] ERROR error in creating user: user service - repo create - user repo create - insert - user with this username or email already exists
[2023-03-02 16:27:41] DEBUG signup user
[2023-03-02 16:27:42] ERROR ERROR: duplicate key value violates unique constraint "users_username_key" (SQLSTATE 23505)
[2023-03-02 16:27:42] ERROR error in creating user: user service - repo create - user repo create - insert - user with this username or email already exists
[2023-03-02 16:27:43] DEBUG signup user
[2023-03-02 16:27:43] ERROR ERROR: duplicate key value violates unique constraint "users_username_key" (SQLSTATE 23505)
[2023-03-02 16:27:43] ERROR error in creating user: user service - repo create - user repo create - insert - user with this username or email already exists
[2023-03-02 16:27:43] DEBUG signup user
[2023-03-02 16:27:43] ERROR ERROR: duplicate key value violates unique constraint "users_username_key" (SQLSTATE 23505)
[2023-03-02 16:27:43] ERROR error in creating user: user service - repo create - user repo create - insert - user with this username or email already exists
[2023-03-02 16:27:44] DEBUG signup user
[2023-03-02 16:27:44] ERROR ERROR: duplicate key value violates unique constraint "users_username_key" (SQLSTATE 23505)
[2023-03-02 16:27:44] ERROR error in creating user: user service - repo create - user repo create - insert - user with this username or email already exists
[2023-03-02 16:27:50] DEBUG signup user
[2023-03-02 16:27:53] DEBUG signup user
[2023-03-02 16:27:53] ERROR ERROR: duplicate key value violates unique constraint "users_username_key" (SQLSTATE 23505)
[2023-03-02 16:27:53] ERROR error in creating user: user service - repo create - user repo create - insert - user with this username or email already exists
[2023-03-02 16:27:54] DEBUG signup user
[2023-03-02 16:27:54] ERROR ERROR: duplicate key value violates unique constraint "users_username_key" (SQLSTATE 23505)
[2023-03-02 16:27:54] ERROR error in creating user: user service - repo create - user repo create - insert - user with this username or email already exists
[2023-03-02 16:27:55] DEBUG signup user
[2023-03-02 16:27:55] ERROR ERROR: duplicate key value violates unique constraint "users_username_key" (SQLSTATE 23505)
[2023-03-02 16:27:55] ERROR error in creating user: user service - repo create - user repo create - insert - user with this username or email already exists
[2023-03-02 16:27:55] DEBUG signup user
[2023-03-02 16:27:55] ERROR ERROR: duplicate key value violates unique constraint "users_username_key" (SQLSTATE 23505)
[2023-03-02 16:27:55] ERROR error in creating user: user service - repo create - user repo create - insert - user with this username or email already exists
[2023-03-02 16:27:56] DEBUG signup user
[2023-03-02 16:27:56] ERROR ERROR: duplicate key value violates unique constraint "users_username_key" (SQLSTATE 23505)
[2023-03-02 16:27:56] ERROR error in creating user: user service - repo create - user repo create - insert - user with this username or email already exists
[2023-03-02 16:28:21] DEBUG signup user
[2023-03-02 16:28:22] DEBUG signup user
[2023-03-02 16:28:22] ERROR ERROR: duplicate key value violates unique constraint "users_email_key" (SQLSTATE 23505)
[2023-03-02 16:28:22] ERROR error in creating user: user service - repo create - user repo create - insert - user with this username or email already exists
[2023-03-02 16:28:43] DEBUG get user by id
[2023-03-02 16:40:31]  INFO server is stoped
[2023-03-02 17:02:07]  INFO server is started
[2023-03-02 17:03:03] DEBUG update user credentials
[2023-03-02 17:03:03] ERROR error in updating user: user service - update user - check password - user password incorrect
[2023-03-02 17:03:11] DEBUG update user credentials
[2023-03-02 17:03:11] ERROR error in updating user: user service - update user - check password - user password incorrect
[2023-03-02 17:03:40] DEBUG signin user
[2023-03-02 17:03:40] ERROR error in signin: user password incorrect
[2023-03-02 17:03:44] DEBUG signin user
[2023-03-02 17:03:54] DEBUG update user credentials
[2023-03-02 17:04:03] DEBUG update user credentials
[2023-03-02 17:04:03] ERROR error in updating user: user service - update user - check password - user password incorrect
[2023-03-02 17:04:09] DEBUG update user credentials
[2023-03-02 17:04:25] DEBUG get user by id
[2023-03-02 17:06:32]  INFO server is stoped
[2023-03-02 17:07:35]  INFO server is started
[2023-03-02 17:07:36] DEBUG update user credentials
[2023-03-02 17:07:38] DEBUG update user credentials
[2023-03-02 17:07:39] DEBUG update user credentials
[2023-03-02 17:08:28]  INFO server is stoped
[2023-03-02 17:08:29]  INFO server is started
[2023-03-02 17:08:30] DEBUG update user credentials
[2023-03-02 17:08:31] DEBUG update user credentials
[2023-03-02 17:08:35] DEBUG update user credentials
[2023-03-02 17:08:36] DEBUG update user credentials
[2023-03-02 17:08:37] DEBUG update user credentials
[2023-03-02 17:08:38] DEBUG update user credentials
[2023-03-02 17:08:46] DEBUG update user credentials
[2023-03-02 17:08:47] DEBUG update user credentials
[2023-03-02 17:09:15]  INFO server is stoped
[2023-03-02 17:09:16]  INFO server is started
[2023-03-02 17:09:17] DEBUG update user credentials
[2023-03-02 17:09:30]  INFO server is stoped
[2023-03-02 17:09:31]  INFO server is started
[2023-03-02 17:09:33] DEBUG update user credentials
[2023-03-02 17:09:34] DEBUG update user credentials
[2023-03-02 17:09:35] DEBUG update user credentials
[2023-03-02 17:09:36] DEBUG update user credentials
[2023-03-02 17:09:37] DEBUG update user credentials
[2023-03-02 17:09:44] DEBUG update user credentials
[2023-03-02 17:09:45] DEBUG update user credentials
[2023-03-02 17:09:56] DEBUG update user credentials
[2023-03-02 17:09:57] DEBUG update user credentials
[2023-03-02 17:09:57] ERROR error in updating user: user service - update user - check password - user password incorrect
[2023-03-02 17:10:08] DEBUG signin user
[2023-03-02 17:10:09] DEBUG signin user
[2023-03-02 17:10:12] DEBUG signin user
[2023-03-02 17:10:12] ERROR error in signin: user password incorrect
[2023-03-02 17:10:17] DEBUG signin user
[2023-03-02 17:10:34] DEBUG get user by id
[2023-03-02 17:10:36] DEBUG get user by id
[2023-03-02 17:10:47]  INFO server is stoped
