[2023-03-04 17:13:49]  INFO server started
[2023-03-04 17:14:37]  INFO server stopped
[2023-03-04 17:14:39]  INFO server started
[2023-03-04 17:15:51] ERROR error in getting book by ID: book repo - get object ID from hex - the provided hex string is not a valid ObjectID
[2023-03-04 17:16:18]  INFO server started
[2023-03-04 17:16:23] ERROR error in getting book by ID: book not found
[2023-03-04 17:16:35] ERROR error in getting book by ID: book repo - get object ID from hex - the provided hex string is not a valid ObjectID
[2023-03-04 17:18:13]  INFO server started
[2023-03-04 17:18:14] ERROR error in getting book by ID: book repo - get object ID from hex - the provided hex string is not a valid ObjectID
[2023-03-04 17:18:55]  INFO server started
[2023-03-04 17:18:56] ERROR error in getting book by ID: book repo - get object ID from hex - the provided hex string is not a valid ObjectID
[2023-03-04 17:19:02]  INFO server started
[2023-03-04 17:19:03] ERROR error in getting book by ID: book repo - get object ID from hex - the provided hex string is not a valid ObjectID
[2023-03-04 17:19:22]  INFO server started
[2023-03-04 17:19:24] ERROR error in getting book by ID: book repo - get object ID from hex - the provided hex string is not a valid ObjectID
[2023-03-04 17:20:01]  INFO server started
[2023-03-04 17:20:01] ERROR error in getting book by ID: book repo - get object ID from hex - the provided hex string is not a valid ObjectID
[2023-03-04 17:20:08] ERROR error in getting book by ID: book repo - get object ID from hex - the provided hex string is not a valid ObjectID
[2023-03-04 17:20:09] ERROR error in getting book by ID: book repo - get object ID from hex - the provided hex string is not a valid ObjectID
[2023-03-04 17:20:12]  INFO server stopped
[2023-03-04 18:09:24]  INFO server started
[2023-03-04 18:11:00]  INFO server stopped
[2023-03-04 18:51:37]  INFO server started
[2023-03-04 18:55:33]  INFO server stopped
[2023-03-04 18:56:03]  INFO server started
[2023-03-04 18:58:54]  INFO server stopped
[2023-03-04 19:12:54] FATAL fatal in pinging redis: ping: dial tcp 127.0.0.1:6379: connect: connection refused
[2023-03-04 19:13:56] FATAL fatal in pinging redis: ping: PONG
[2023-03-04 19:17:16]  INFO server started
[2023-03-04 19:17:20]  INFO server stopped
[2023-03-04 19:33:46]  INFO server started
[2023-03-04 19:34:21]  INFO server stopped
[2023-03-04 19:34:22]  INFO server started
[2023-03-04 19:34:23] DEBUG getting from redis
[2023-03-04 19:34:24] DEBUG getting from redis
[2023-03-04 19:34:25] DEBUG getting from redis
[2023-03-04 19:34:26] DEBUG getting from redis
[2023-03-04 19:34:26] DEBUG getting from redis
[2023-03-04 19:34:27] DEBUG getting from redis
[2023-03-04 19:34:27] DEBUG getting from redis
[2023-03-04 19:34:28] DEBUG getting from redis
[2023-03-04 19:34:28] DEBUG getting from redis
[2023-03-04 19:34:28] DEBUG getting from redis
[2023-03-04 19:34:29] DEBUG getting from redis
[2023-03-04 19:34:29] DEBUG getting from redis
[2023-03-04 19:34:29] DEBUG getting from redis
[2023-03-04 19:34:29] DEBUG getting from redis
[2023-03-04 19:34:30] DEBUG getting from redis
[2023-03-04 19:34:30] DEBUG getting from redis
[2023-03-04 19:34:30] DEBUG getting from redis
[2023-03-04 19:34:31] DEBUG getting from redis
[2023-03-04 19:34:31] DEBUG getting from redis
[2023-03-04 19:34:31] DEBUG getting from redis
[2023-03-04 19:34:32] DEBUG getting from redis
[2023-03-04 19:34:32] DEBUG getting from redis
[2023-03-04 19:34:32] DEBUG getting from redis
[2023-03-04 19:34:33] DEBUG getting from redis
[2023-03-04 19:34:35] DEBUG getting from redis
[2023-03-04 19:34:35] DEBUG getting from redis
[2023-03-04 19:34:36] DEBUG getting from redis
[2023-03-04 19:34:37] DEBUG getting from redis
[2023-03-04 19:34:37] DEBUG getting from redis
[2023-03-04 19:34:41]  INFO server stopped
[2023-03-04 19:35:17]  INFO server started
[2023-03-04 19:35:38] DEBUG getting from redis
[2023-03-04 19:35:54] DEBUG getting from redis
[2023-03-04 19:35:55] DEBUG getting from redis
[2023-03-04 19:35:56] DEBUG getting from redis
[2023-03-04 19:35:57] DEBUG getting from redis
[2023-03-04 19:35:57] DEBUG getting from redis
[2023-03-04 19:35:58] DEBUG getting from redis
[2023-03-04 19:35:58] DEBUG getting from redis
[2023-03-04 19:35:59] DEBUG getting from redis
[2023-03-04 19:36:34]  INFO server stopped
[2023-03-04 19:36:35]  INFO server started
[2023-03-04 19:36:54]  INFO server stopped
[2023-03-04 19:36:56]  INFO server started
[2023-03-04 19:36:58] DEBUG getting from redis
[2023-03-04 19:36:59] DEBUG getting from redis
[2023-03-04 19:36:59] DEBUG getting from redis
[2023-03-04 19:37:00] DEBUG getting from redis
[2023-03-04 19:37:00] DEBUG getting from redis
[2023-03-04 19:37:01] DEBUG getting from redis
[2023-03-04 19:37:01] DEBUG getting from redis
[2023-03-04 19:37:02] DEBUG getting from redis
[2023-03-04 19:37:02] DEBUG getting from redis
[2023-03-04 19:37:03] DEBUG getting from redis
[2023-03-04 19:37:03] DEBUG getting from redis
[2023-03-04 19:37:03] DEBUG getting from redis
[2023-03-04 19:37:04] DEBUG getting from redis
[2023-03-04 19:37:04] DEBUG getting from redis
[2023-03-04 19:37:05] DEBUG getting from redis
[2023-03-04 19:37:05] DEBUG getting from redis
[2023-03-04 19:37:05] DEBUG getting from redis
[2023-03-04 19:37:06] DEBUG getting from redis
[2023-03-04 19:37:06] DEBUG getting from redis
[2023-03-04 19:37:06] DEBUG getting from redis
[2023-03-04 19:37:07] DEBUG getting from redis
[2023-03-04 19:37:07] DEBUG getting from redis
[2023-03-04 19:37:30]  INFO server stopped
[2023-03-04 19:37:32]  INFO server started
[2023-03-04 19:37:53] DEBUG getting from redis
[2023-03-04 19:37:54] DEBUG getting from redis
[2023-03-04 19:37:55] DEBUG getting from redis
[2023-03-04 19:37:55] DEBUG getting from redis
[2023-03-04 19:37:56] DEBUG getting from redis
[2023-03-04 19:37:56] DEBUG getting from redis
[2023-03-04 19:37:57] DEBUG getting from redis
[2023-03-04 19:37:57] DEBUG getting from redis
[2023-03-04 19:37:58] DEBUG getting from redis
[2023-03-04 19:37:58] DEBUG getting from redis
[2023-03-04 19:37:58] DEBUG getting from redis
[2023-03-04 19:37:59] DEBUG getting from redis
[2023-03-04 19:37:59] DEBUG getting from redis
[2023-03-04 19:38:00] DEBUG getting from redis
[2023-03-04 19:38:00] DEBUG getting from redis
[2023-03-04 19:38:00] DEBUG getting from redis
[2023-03-04 19:38:01] DEBUG getting from redis
[2023-03-04 19:38:01] DEBUG getting from redis
[2023-03-04 19:38:01] DEBUG getting from redis
[2023-03-04 19:38:07] DEBUG getting from redis
[2023-03-04 19:38:08] DEBUG getting from redis
[2023-03-04 19:38:08] DEBUG getting from redis
[2023-03-04 19:38:08] DEBUG getting from redis
[2023-03-04 19:38:09] DEBUG getting from redis
[2023-03-04 19:38:09] DEBUG getting from redis
[2023-03-04 19:38:53]  INFO server stopped
[2023-03-04 19:38:54]  INFO server started
[2023-03-04 19:39:05] DEBUG getting from redis
[2023-03-04 19:40:40]  INFO server stopped
[2023-03-04 19:41:02]  INFO server started
[2023-03-04 19:41:03] DEBUG getting from redis
[2023-03-04 19:41:05] DEBUG getting from redis
[2023-03-04 19:41:06] DEBUG getting from redis
[2023-03-04 19:41:07] DEBUG getting from redis
[2023-03-04 19:41:07] DEBUG getting from redis
[2023-03-04 19:41:08] DEBUG getting from redis
[2023-03-04 19:43:32] DEBUG getting from redis
[2023-03-04 19:43:33] DEBUG getting from redis
[2023-03-04 19:43:34] DEBUG getting from redis
[2023-03-04 19:43:35] DEBUG getting from redis
[2023-03-04 19:43:35] DEBUG getting from redis
[2023-03-04 19:43:36] DEBUG getting from redis
[2023-03-04 19:43:36] DEBUG getting from redis
[2023-03-04 19:43:37] DEBUG getting from redis
[2023-03-04 19:43:37] DEBUG getting from redis
[2023-03-04 19:43:38] DEBUG getting from redis
[2023-03-04 19:43:38] DEBUG getting from redis
[2023-03-04 19:43:38] DEBUG getting from redis
[2023-03-04 19:43:39] DEBUG getting from redis
[2023-03-04 19:43:41] DEBUG getting from redis
[2023-03-04 19:44:14] DEBUG getting from redis
[2023-03-04 19:44:15] DEBUG getting from redis
[2023-03-04 19:44:15] DEBUG getting from redis
[2023-03-04 19:44:15] DEBUG getting from redis
[2023-03-04 19:44:16] DEBUG getting from redis
[2023-03-04 19:44:17] DEBUG getting from redis
[2023-03-04 19:44:17] DEBUG getting from redis
[2023-03-04 19:44:18] DEBUG getting from redis
[2023-03-04 19:44:18] DEBUG getting from redis
[2023-03-04 19:44:19] DEBUG getting from redis
[2023-03-04 19:44:19] DEBUG getting from redis
[2023-03-04 19:44:29]  INFO server stopped
[2023-03-04 19:44:30]  INFO server started
[2023-03-04 19:45:21]  INFO server stopped
[2023-03-04 19:45:22]  INFO server started
[2023-03-04 19:45:24] DEBUG getting from redis
[2023-03-04 19:45:24] DEBUG getting from redis
[2023-03-04 19:45:25] DEBUG getting from redis
[2023-03-04 19:45:25] DEBUG getting from redis
[2023-03-04 19:45:25] DEBUG getting from redis
[2023-03-04 19:45:26] DEBUG getting from redis
[2023-03-04 19:45:26] DEBUG getting from redis
[2023-03-04 19:45:27] DEBUG getting from redis
[2023-03-04 19:45:27] DEBUG getting from redis
[2023-03-04 19:45:28] DEBUG getting from redis
[2023-03-04 19:45:28] DEBUG getting from redis
[2023-03-04 19:45:28] DEBUG getting from redis
[2023-03-04 19:47:16]  INFO server stopped
[2023-03-04 19:47:17]  INFO server started
[2023-03-04 19:47:36]  INFO server stopped
[2023-03-04 19:47:37]  INFO server started
[2023-03-04 19:47:38] DEBUG getting from redis
[2023-03-04 19:47:38] DEBUG getting from redis
[2023-03-04 19:47:39] DEBUG getting from redis
[2023-03-04 19:47:39] DEBUG getting from redis
[2023-03-04 19:47:40] DEBUG getting from redis
[2023-03-04 19:47:41] DEBUG getting from redis
[2023-03-04 19:47:41] DEBUG getting from redis
[2023-03-04 19:47:42] DEBUG getting from redis
[2023-03-04 19:47:42] DEBUG getting from redis
[2023-03-04 19:47:43] DEBUG getting from redis
[2023-03-04 19:53:43] DEBUG getting from redis
[2023-03-04 19:55:41] DEBUG getting from redis
[2023-03-04 19:55:42] DEBUG getting from redis
[2023-03-04 19:55:42] DEBUG getting from redis
[2023-03-04 19:55:43] DEBUG getting from redis
[2023-03-04 19:55:43] DEBUG getting from redis
[2023-03-04 19:55:44] DEBUG getting from redis
[2023-03-04 19:55:44] DEBUG getting from redis
[2023-03-04 19:55:45] DEBUG getting from redis
[2023-03-04 20:04:44]  INFO server stopped
